mode: set
github.com/schedcu/reimplement/internal/logger/logger.go:35.56,37.15 1 1
github.com/schedcu/reimplement/internal/logger/logger.go:37.15,39.3 1 1
github.com/schedcu/reimplement/internal/logger/logger.go:41.2,43.13 2 1
github.com/schedcu/reimplement/internal/logger/logger.go:44.28,50.47 5 1
github.com/schedcu/reimplement/internal/logger/logger.go:52.10,63.63 9 1
github.com/schedcu/reimplement/internal/logger/logger.go:66.2,67.16 2 1
github.com/schedcu/reimplement/internal/logger/logger.go:67.16,69.3 1 0
github.com/schedcu/reimplement/internal/logger/logger.go:71.2,71.28 1 1
github.com/schedcu/reimplement/internal/logger/logger.go:77.75,79.2 1 1
github.com/schedcu/reimplement/internal/logger/logger.go:83.51,84.52 1 1
github.com/schedcu/reimplement/internal/logger/logger.go:84.52,86.3 1 1
github.com/schedcu/reimplement/internal/logger/logger.go:87.2,87.11 1 1
github.com/schedcu/reimplement/internal/logger/logger.go:92.83,94.2 1 1
github.com/schedcu/reimplement/internal/logger/logger.go:98.55,99.56 1 1
github.com/schedcu/reimplement/internal/logger/logger.go:99.56,101.3 1 1
github.com/schedcu/reimplement/internal/logger/logger.go:102.2,102.11 1 1
github.com/schedcu/reimplement/internal/logger/logger.go:119.95,126.2 1 1
github.com/schedcu/reimplement/internal/logger/logger.go:137.85,141.34 2 1
github.com/schedcu/reimplement/internal/logger/logger.go:141.34,143.3 1 1
github.com/schedcu/reimplement/internal/logger/logger.go:145.2,145.44 1 1
github.com/schedcu/reimplement/internal/logger/logger.go:155.104,156.16 1 1
github.com/schedcu/reimplement/internal/logger/logger.go:156.16,164.3 2 1
github.com/schedcu/reimplement/internal/logger/logger.go:166.2,170.3 1 1
github.com/schedcu/reimplement/internal/logger/middleware.go:19.55,20.17 1 1
github.com/schedcu/reimplement/internal/logger/middleware.go:20.17,24.3 3 1
github.com/schedcu/reimplement/internal/logger/middleware.go:28.56,29.17 1 1
github.com/schedcu/reimplement/internal/logger/middleware.go:29.17,32.3 2 0
github.com/schedcu/reimplement/internal/logger/middleware.go:33.2,33.35 1 1
github.com/schedcu/reimplement/internal/logger/middleware.go:43.85,44.46 1 1
github.com/schedcu/reimplement/internal/logger/middleware.go:44.46,45.72 1 1
github.com/schedcu/reimplement/internal/logger/middleware.go:45.72,50.23 2 1
github.com/schedcu/reimplement/internal/logger/middleware.go:50.23,52.5 1 1
github.com/schedcu/reimplement/internal/logger/middleware.go:55.4,58.41 2 1
github.com/schedcu/reimplement/internal/logger/middleware.go:87.83,88.46 1 1
github.com/schedcu/reimplement/internal/logger/middleware.go:88.46,89.72 1 1
github.com/schedcu/reimplement/internal/logger/middleware.go:89.72,107.33 7 1
github.com/schedcu/reimplement/internal/logger/middleware.go:107.33,115.5 1 1
github.com/schedcu/reimplement/internal/logger/middleware.go:115.10,123.5 1 1
github.com/schedcu/reimplement/internal/logger/middleware.go:138.89,139.46 1 0
github.com/schedcu/reimplement/internal/logger/middleware.go:139.46,140.72 1 0
github.com/schedcu/reimplement/internal/logger/middleware.go:140.72,145.27 2 0
github.com/schedcu/reimplement/internal/logger/middleware.go:145.27,147.5 1 0
github.com/schedcu/reimplement/internal/logger/middleware.go:150.4,153.41 2 0
