mode: set
github.com/schedcu/reimplement/internal/api/error_formatter.go:25.75,26.15 1 1
github.com/schedcu/reimplement/internal/api/error_formatter.go:26.15,32.3 1 0
github.com/schedcu/reimplement/internal/api/error_formatter.go:34.2,46.20 7 1
github.com/schedcu/reimplement/internal/api/error_formatter.go:46.20,49.3 2 1
github.com/schedcu/reimplement/internal/api/error_formatter.go:52.2,52.22 1 1
github.com/schedcu/reimplement/internal/api/error_formatter.go:52.22,56.3 3 1
github.com/schedcu/reimplement/internal/api/error_formatter.go:59.2,59.19 1 1
github.com/schedcu/reimplement/internal/api/error_formatter.go:59.19,63.3 3 1
github.com/schedcu/reimplement/internal/api/error_formatter.go:66.2,66.25 1 1
github.com/schedcu/reimplement/internal/api/error_formatter.go:66.25,68.3 1 1
github.com/schedcu/reimplement/internal/api/error_formatter.go:70.2,74.3 1 1
github.com/schedcu/reimplement/internal/api/error_formatter.go:78.78,81.22 2 1
github.com/schedcu/reimplement/internal/api/error_formatter.go:81.22,83.3 1 1
github.com/schedcu/reimplement/internal/api/error_formatter.go:85.2,85.19 1 1
github.com/schedcu/reimplement/internal/api/error_formatter.go:85.19,87.3 1 1
github.com/schedcu/reimplement/internal/api/error_formatter.go:89.2,89.16 1 1
github.com/schedcu/reimplement/internal/api/error_formatter.go:95.94,98.31 2 1
github.com/schedcu/reimplement/internal/api/error_formatter.go:98.31,100.18 2 1
github.com/schedcu/reimplement/internal/api/error_formatter.go:100.18,102.4 1 1
github.com/schedcu/reimplement/internal/api/error_formatter.go:104.3,104.40 1 1
github.com/schedcu/reimplement/internal/api/error_formatter.go:104.40,106.32 1 1
github.com/schedcu/reimplement/internal/api/error_formatter.go:107.16,109.50 1 1
github.com/schedcu/reimplement/internal/api/error_formatter.go:110.23,112.43 1 0
github.com/schedcu/reimplement/internal/api/error_formatter.go:114.9,117.4 1 1
github.com/schedcu/reimplement/internal/api/error_formatter.go:120.2,120.15 1 1
github.com/schedcu/reimplement/internal/api/example_usage.go:8.31,22.2 4 0
github.com/schedcu/reimplement/internal/api/example_usage.go:25.38,44.2 8 0
github.com/schedcu/reimplement/internal/api/example_usage.go:47.33,58.2 4 0
github.com/schedcu/reimplement/internal/api/example_usage.go:61.40,79.2 5 0
github.com/schedcu/reimplement/internal/api/example_usage.go:82.30,99.2 6 0
github.com/schedcu/reimplement/internal/api/example_usage.go:102.40,130.2 14 0
github.com/schedcu/reimplement/internal/api/example_usage.go:133.34,178.2 0 0
github.com/schedcu/reimplement/internal/api/example_usage.go:181.30,205.2 15 0
github.com/schedcu/reimplement/internal/api/response.go:56.52,69.2 2 1
github.com/schedcu/reimplement/internal/api/response.go:72.91,75.2 2 1
github.com/schedcu/reimplement/internal/api/response.go:78.75,85.2 2 1
github.com/schedcu/reimplement/internal/api/response.go:88.92,89.21 1 1
github.com/schedcu/reimplement/internal/api/response.go:89.21,93.3 1 1
github.com/schedcu/reimplement/internal/api/response.go:94.2,95.11 2 1
github.com/schedcu/reimplement/internal/api/response.go:100.44,101.21 1 1
github.com/schedcu/reimplement/internal/api/response.go:101.21,103.3 1 1
github.com/schedcu/reimplement/internal/api/response.go:104.2,104.55 1 1
github.com/schedcu/reimplement/internal/api/response.go:104.55,106.3 1 1
github.com/schedcu/reimplement/internal/api/response.go:107.2,107.13 1 1
github.com/schedcu/reimplement/internal/api/response.go:112.57,119.2 2 1
github.com/schedcu/reimplement/internal/api/status_mapper.go:14.38,16.2 1 1
github.com/schedcu/reimplement/internal/api/status_mapper.go:27.84,28.15 1 1
github.com/schedcu/reimplement/internal/api/status_mapper.go:28.15,30.3 1 1
github.com/schedcu/reimplement/internal/api/status_mapper.go:33.2,33.20 1 1
github.com/schedcu/reimplement/internal/api/status_mapper.go:33.20,35.3 1 1
github.com/schedcu/reimplement/internal/api/status_mapper.go:39.2,39.22 1 1
github.com/schedcu/reimplement/internal/api/status_mapper.go:44.80,45.14 1 1
github.com/schedcu/reimplement/internal/api/status_mapper.go:47.38,48.31 1 1
github.com/schedcu/reimplement/internal/api/status_mapper.go:49.41,50.31 1 1
github.com/schedcu/reimplement/internal/api/status_mapper.go:51.34,52.31 1 1
github.com/schedcu/reimplement/internal/api/status_mapper.go:53.30,54.31 1 1
github.com/schedcu/reimplement/internal/api/status_mapper.go:72.33,73.40 1 1
github.com/schedcu/reimplement/internal/api/status_mapper.go:74.41,75.40 1 1
github.com/schedcu/reimplement/internal/api/status_mapper.go:76.32,77.40 1 1
github.com/schedcu/reimplement/internal/api/status_mapper.go:80.10,81.40 1 1
github.com/schedcu/reimplement/internal/api/status_mapper.go:87.84,88.18 1 1
github.com/schedcu/reimplement/internal/api/status_mapper.go:89.24,90.60 1 1
github.com/schedcu/reimplement/internal/api/status_mapper.go:91.26,92.72 1 1
github.com/schedcu/reimplement/internal/api/status_mapper.go:93.23,94.57 1 1
github.com/schedcu/reimplement/internal/api/status_mapper.go:95.10,96.28 1 1
github.com/schedcu/reimplement/internal/api/status_mapper.go:102.86,103.14 1 1
github.com/schedcu/reimplement/internal/api/status_mapper.go:104.38,105.64 1 1
github.com/schedcu/reimplement/internal/api/status_mapper.go:106.41,107.56 1 1
github.com/schedcu/reimplement/internal/api/status_mapper.go:108.34,109.42 1 1
github.com/schedcu/reimplement/internal/api/status_mapper.go:110.30,111.42 1 1
github.com/schedcu/reimplement/internal/api/status_mapper.go:112.33,113.58 1 1
github.com/schedcu/reimplement/internal/api/status_mapper.go:114.41,115.49 1 1
github.com/schedcu/reimplement/internal/api/status_mapper.go:116.32,117.37 1 1
github.com/schedcu/reimplement/internal/api/status_mapper.go:118.10,119.29 1 1
github.com/schedcu/reimplement/internal/api/status_mapper.go:124.60,126.2 1 1
github.com/schedcu/reimplement/internal/api/status_mapper.go:129.60,131.2 1 1
github.com/schedcu/reimplement/internal/api/status_mapper.go:134.56,136.2 1 1
github.com/schedcu/reimplement/cmd/generate-ods-fixtures/main.go:37.13,38.46 1 0
github.com/schedcu/reimplement/cmd/generate-ods-fixtures/main.go:38.46,40.3 1 0
github.com/schedcu/reimplement/cmd/generate-ods-fixtures/main.go:41.2,41.53 1 0
github.com/schedcu/reimplement/cmd/generate-ods-fixtures/main.go:44.34,48.55 2 0
github.com/schedcu/reimplement/cmd/generate-ods-fixtures/main.go:48.55,50.3 1 0
github.com/schedcu/reimplement/cmd/generate-ods-fixtures/main.go:53.2,87.33 3 0
github.com/schedcu/reimplement/cmd/generate-ods-fixtures/main.go:87.33,92.22 4 0
github.com/schedcu/reimplement/cmd/generate-ods-fixtures/main.go:93.16,94.67 1 0
github.com/schedcu/reimplement/cmd/generate-ods-fixtures/main.go:95.18,96.69 1 0
github.com/schedcu/reimplement/cmd/generate-ods-fixtures/main.go:97.18,98.69 1 0
github.com/schedcu/reimplement/cmd/generate-ods-fixtures/main.go:99.16,100.67 1 0
github.com/schedcu/reimplement/cmd/generate-ods-fixtures/main.go:103.3,103.73 1 0
github.com/schedcu/reimplement/cmd/generate-ods-fixtures/main.go:103.73,105.4 1 0
github.com/schedcu/reimplement/cmd/generate-ods-fixtures/main.go:109.2,111.16 3 0
github.com/schedcu/reimplement/cmd/generate-ods-fixtures/main.go:111.16,113.3 1 0
github.com/schedcu/reimplement/cmd/generate-ods-fixtures/main.go:115.2,115.63 1 0
github.com/schedcu/reimplement/cmd/generate-ods-fixtures/main.go:115.63,117.3 1 0
github.com/schedcu/reimplement/cmd/generate-ods-fixtures/main.go:119.2,120.12 2 0
github.com/schedcu/reimplement/cmd/generate-ods-fixtures/main.go:123.67,130.29 5 0
github.com/schedcu/reimplement/cmd/generate-ods-fixtures/main.go:130.29,139.3 2 0
github.com/schedcu/reimplement/cmd/generate-ods-fixtures/main.go:141.2,141.15 1 0
github.com/schedcu/reimplement/cmd/generate-ods-fixtures/main.go:144.69,151.29 5 0
github.com/schedcu/reimplement/cmd/generate-ods-fixtures/main.go:151.29,160.3 2 0
github.com/schedcu/reimplement/cmd/generate-ods-fixtures/main.go:162.2,162.15 1 0
github.com/schedcu/reimplement/cmd/generate-ods-fixtures/main.go:165.69,173.29 6 0
github.com/schedcu/reimplement/cmd/generate-ods-fixtures/main.go:173.29,184.17 3 0
github.com/schedcu/reimplement/cmd/generate-ods-fixtures/main.go:185.10,188.34 3 0
github.com/schedcu/reimplement/cmd/generate-ods-fixtures/main.go:189.10,192.34 3 0
github.com/schedcu/reimplement/cmd/generate-ods-fixtures/main.go:193.10,196.34 3 0
github.com/schedcu/reimplement/cmd/generate-ods-fixtures/main.go:197.10,198.12 1 0
github.com/schedcu/reimplement/cmd/generate-ods-fixtures/main.go:199.11,200.34 1 0
github.com/schedcu/reimplement/cmd/generate-ods-fixtures/main.go:203.3,203.26 1 0
github.com/schedcu/reimplement/cmd/generate-ods-fixtures/main.go:203.26,204.9 1 0
github.com/schedcu/reimplement/cmd/generate-ods-fixtures/main.go:208.2,208.15 1 0
github.com/schedcu/reimplement/cmd/generate-ods-fixtures/main.go:211.81,219.16 5 0
github.com/schedcu/reimplement/cmd/generate-ods-fixtures/main.go:219.16,221.3 1 0
github.com/schedcu/reimplement/cmd/generate-ods-fixtures/main.go:222.2,222.106 1 0
github.com/schedcu/reimplement/cmd/generate-ods-fixtures/main.go:222.106,224.3 1 0
github.com/schedcu/reimplement/cmd/generate-ods-fixtures/main.go:227.2,229.16 3 0
github.com/schedcu/reimplement/cmd/generate-ods-fixtures/main.go:229.16,231.3 1 0
github.com/schedcu/reimplement/cmd/generate-ods-fixtures/main.go:232.2,233.71 2 0
github.com/schedcu/reimplement/cmd/generate-ods-fixtures/main.go:233.71,235.3 1 0
github.com/schedcu/reimplement/cmd/generate-ods-fixtures/main.go:238.2,239.16 2 0
github.com/schedcu/reimplement/cmd/generate-ods-fixtures/main.go:239.16,241.3 1 0
github.com/schedcu/reimplement/cmd/generate-ods-fixtures/main.go:242.2,243.65 2 0
github.com/schedcu/reimplement/cmd/generate-ods-fixtures/main.go:243.65,245.3 1 0
github.com/schedcu/reimplement/cmd/generate-ods-fixtures/main.go:248.2,249.16 2 0
github.com/schedcu/reimplement/cmd/generate-ods-fixtures/main.go:249.16,251.3 1 0
github.com/schedcu/reimplement/cmd/generate-ods-fixtures/main.go:252.2,252.68 1 0
github.com/schedcu/reimplement/cmd/generate-ods-fixtures/main.go:252.68,254.3 1 0
github.com/schedcu/reimplement/cmd/generate-ods-fixtures/main.go:257.2,258.16 2 0
github.com/schedcu/reimplement/cmd/generate-ods-fixtures/main.go:258.16,260.3 1 0
github.com/schedcu/reimplement/cmd/generate-ods-fixtures/main.go:261.2,261.72 1 0
github.com/schedcu/reimplement/cmd/generate-ods-fixtures/main.go:261.72,263.3 1 0
github.com/schedcu/reimplement/cmd/generate-ods-fixtures/main.go:265.2,268.50 2 0
github.com/schedcu/reimplement/cmd/generate-ods-fixtures/main.go:271.70,307.30 3 0
github.com/schedcu/reimplement/cmd/generate-ods-fixtures/main.go:307.30,312.3 1 0
github.com/schedcu/reimplement/cmd/generate-ods-fixtures/main.go:313.2,316.31 2 0
github.com/schedcu/reimplement/cmd/generate-ods-fixtures/main.go:316.31,319.31 2 0
github.com/schedcu/reimplement/cmd/generate-ods-fixtures/main.go:319.31,321.15 2 0
github.com/schedcu/reimplement/cmd/generate-ods-fixtures/main.go:322.16,323.23 1 0
github.com/schedcu/reimplement/cmd/generate-ods-fixtures/main.go:324.21,325.28 1 0
github.com/schedcu/reimplement/cmd/generate-ods-fixtures/main.go:326.28,327.35 1 0
github.com/schedcu/reimplement/cmd/generate-ods-fixtures/main.go:328.31,329.38 1 0
github.com/schedcu/reimplement/cmd/generate-ods-fixtures/main.go:330.21,331.28 1 0
github.com/schedcu/reimplement/cmd/generate-ods-fixtures/main.go:334.4,334.19 1 0
github.com/schedcu/reimplement/cmd/generate-ods-fixtures/main.go:334.19,338.5 1 0
github.com/schedcu/reimplement/cmd/generate-ods-fixtures/main.go:338.10,341.18 2 0
github.com/schedcu/reimplement/cmd/generate-ods-fixtures/main.go:341.18,346.6 1 0
github.com/schedcu/reimplement/cmd/generate-ods-fixtures/main.go:346.11,351.6 1 0
github.com/schedcu/reimplement/cmd/generate-ods-fixtures/main.go:355.3,355.40 1 0
github.com/schedcu/reimplement/cmd/generate-ods-fixtures/main.go:358.2,363.12 2 0
github.com/schedcu/reimplement/cmd/generate-ods-fixtures/main.go:366.36,367.22 1 0
github.com/schedcu/reimplement/cmd/generate-ods-fixtures/main.go:367.22,368.25 1 0
github.com/schedcu/reimplement/cmd/generate-ods-fixtures/main.go:368.25,370.4 1 0
github.com/schedcu/reimplement/cmd/generate-ods-fixtures/main.go:372.2,372.19 1 0
github.com/schedcu/reimplement/cmd/generate-ods-fixtures/main.go:375.33,377.22 2 0
github.com/schedcu/reimplement/cmd/generate-ods-fixtures/main.go:377.22,378.12 1 0
github.com/schedcu/reimplement/cmd/generate-ods-fixtures/main.go:379.12,380.28 1 0
github.com/schedcu/reimplement/cmd/generate-ods-fixtures/main.go:381.12,382.27 1 0
github.com/schedcu/reimplement/cmd/generate-ods-fixtures/main.go:383.12,384.27 1 0
github.com/schedcu/reimplement/cmd/generate-ods-fixtures/main.go:385.12,386.29 1 0
github.com/schedcu/reimplement/cmd/generate-ods-fixtures/main.go:387.13,388.29 1 0
github.com/schedcu/reimplement/cmd/generate-ods-fixtures/main.go:389.11,390.20 1 0
github.com/schedcu/reimplement/cmd/generate-ods-fixtures/main.go:393.2,393.21 1 0
github.com/schedcu/reimplement/cmd/generate-ods-fixtures/main.go:396.30,404.2 1 0
github.com/schedcu/reimplement/cmd/generate-ods-fixtures/main.go:406.28,437.2 1 0
github.com/schedcu/reimplement/cmd/generate-ods-fixtures/main.go:439.30,447.2 1 0
github.com/schedcu/reimplement/internal/entity/assignment.go:41.15,53.2 2 0
github.com/schedcu/reimplement/internal/entity/assignment.go:57.37,64.2 1 0
github.com/schedcu/reimplement/internal/entity/assignment.go:67.39,69.2 1 0
github.com/schedcu/reimplement/internal/entity/assignment.go:72.54,76.2 3 0
github.com/schedcu/reimplement/internal/entity/schedule_version.go:45.20,61.2 2 0
github.com/schedcu/reimplement/internal/entity/shift_instance.go:39.18,53.2 2 0
github.com/schedcu/reimplement/internal/entity/shift_instance.go:57.41,64.2 1 0
github.com/schedcu/reimplement/internal/logger/logger.go:35.56,37.15 1 1
github.com/schedcu/reimplement/internal/logger/logger.go:37.15,39.3 1 1
github.com/schedcu/reimplement/internal/logger/logger.go:41.2,43.13 2 1
github.com/schedcu/reimplement/internal/logger/logger.go:44.28,50.47 5 1
github.com/schedcu/reimplement/internal/logger/logger.go:52.10,63.63 9 1
github.com/schedcu/reimplement/internal/logger/logger.go:66.2,67.16 2 1
github.com/schedcu/reimplement/internal/logger/logger.go:67.16,69.3 1 0
github.com/schedcu/reimplement/internal/logger/logger.go:71.2,71.28 1 1
github.com/schedcu/reimplement/internal/logger/logger.go:77.75,79.2 1 1
github.com/schedcu/reimplement/internal/logger/logger.go:83.51,84.52 1 1
github.com/schedcu/reimplement/internal/logger/logger.go:84.52,86.3 1 1
github.com/schedcu/reimplement/internal/logger/logger.go:87.2,87.11 1 1
github.com/schedcu/reimplement/internal/logger/logger.go:92.83,94.2 1 1
github.com/schedcu/reimplement/internal/logger/logger.go:98.55,99.56 1 1
github.com/schedcu/reimplement/internal/logger/logger.go:99.56,101.3 1 1
github.com/schedcu/reimplement/internal/logger/logger.go:102.2,102.11 1 1
github.com/schedcu/reimplement/internal/logger/logger.go:119.95,126.2 1 1
github.com/schedcu/reimplement/internal/logger/logger.go:137.85,141.34 2 1
github.com/schedcu/reimplement/internal/logger/logger.go:141.34,143.3 1 1
github.com/schedcu/reimplement/internal/logger/logger.go:145.2,145.44 1 1
github.com/schedcu/reimplement/internal/logger/logger.go:155.104,156.16 1 1
github.com/schedcu/reimplement/internal/logger/logger.go:156.16,164.3 2 1
github.com/schedcu/reimplement/internal/logger/logger.go:166.2,170.3 1 1
github.com/schedcu/reimplement/internal/logger/middleware.go:19.55,20.17 1 1
github.com/schedcu/reimplement/internal/logger/middleware.go:20.17,24.3 3 1
github.com/schedcu/reimplement/internal/logger/middleware.go:28.56,29.17 1 1
github.com/schedcu/reimplement/internal/logger/middleware.go:29.17,32.3 2 0
github.com/schedcu/reimplement/internal/logger/middleware.go:33.2,33.35 1 1
github.com/schedcu/reimplement/internal/logger/middleware.go:43.85,44.46 1 1
github.com/schedcu/reimplement/internal/logger/middleware.go:44.46,45.72 1 1
github.com/schedcu/reimplement/internal/logger/middleware.go:45.72,50.23 2 1
github.com/schedcu/reimplement/internal/logger/middleware.go:50.23,52.5 1 1
github.com/schedcu/reimplement/internal/logger/middleware.go:55.4,58.41 2 1
github.com/schedcu/reimplement/internal/logger/middleware.go:87.83,88.46 1 1
github.com/schedcu/reimplement/internal/logger/middleware.go:88.46,89.72 1 1
github.com/schedcu/reimplement/internal/logger/middleware.go:89.72,107.33 7 1
github.com/schedcu/reimplement/internal/logger/middleware.go:107.33,115.5 1 1
github.com/schedcu/reimplement/internal/logger/middleware.go:115.10,123.5 1 1
github.com/schedcu/reimplement/internal/logger/middleware.go:138.89,139.46 1 0
github.com/schedcu/reimplement/internal/logger/middleware.go:139.46,140.72 1 0
github.com/schedcu/reimplement/internal/logger/middleware.go:140.72,145.27 2 0
github.com/schedcu/reimplement/internal/logger/middleware.go:145.27,147.5 1 0
github.com/schedcu/reimplement/internal/logger/middleware.go:150.4,153.41 2 0
github.com/schedcu/reimplement/internal/metrics/metrics.go:40.44,42.2 1 0
github.com/schedcu/reimplement/internal/metrics/metrics.go:46.88,158.2 24 1
github.com/schedcu/reimplement/internal/metrics/metrics.go:166.100,172.2 4 1
github.com/schedcu/reimplement/internal/metrics/metrics.go:176.61,181.2 3 1
github.com/schedcu/reimplement/internal/metrics/metrics.go:187.99,194.2 5 1
github.com/schedcu/reimplement/internal/metrics/metrics.go:201.110,206.14 4 1
github.com/schedcu/reimplement/internal/metrics/metrics.go:206.14,208.3 1 1
github.com/schedcu/reimplement/internal/metrics/metrics.go:213.67,218.2 3 1
github.com/schedcu/reimplement/internal/metrics/metrics.go:222.63,227.2 3 1
github.com/schedcu/reimplement/internal/metrics/metrics.go:231.63,236.2 3 1
github.com/schedcu/reimplement/internal/metrics/metrics.go:241.70,246.2 3 1
github.com/schedcu/reimplement/internal/metrics/metrics.go:251.84,256.2 3 1
github.com/schedcu/reimplement/internal/metrics/metrics.go:259.53,261.2 1 1
github.com/schedcu/reimplement/internal/metrics/metrics.go:265.39,266.9 1 1
github.com/schedcu/reimplement/internal/metrics/metrics.go:267.33,268.15 1 1
github.com/schedcu/reimplement/internal/metrics/metrics.go:269.33,270.15 1 1
github.com/schedcu/reimplement/internal/metrics/metrics.go:271.33,272.15 1 1
github.com/schedcu/reimplement/internal/metrics/metrics.go:273.19,274.15 1 1
github.com/schedcu/reimplement/internal/metrics/metrics.go:275.10,276.19 1 1
github.com/schedcu/reimplement/internal/metrics/metrics.go:282.74,283.71 1 1
github.com/schedcu/reimplement/internal/metrics/metrics.go:283.71,288.82 2 1
github.com/schedcu/reimplement/internal/metrics/metrics.go:288.82,290.4 1 1
github.com/schedcu/reimplement/internal/metrics/metrics.go:293.3,296.30 2 1
github.com/schedcu/reimplement/internal/metrics/metrics.go:308.49,309.17 1 1
github.com/schedcu/reimplement/internal/metrics/metrics.go:309.17,312.3 2 1
github.com/schedcu/reimplement/internal/metrics/metrics.go:313.2,313.37 1 1
github.com/schedcu/reimplement/internal/metrics/metrics.go:317.56,318.17 1 1
github.com/schedcu/reimplement/internal/metrics/metrics.go:318.17,320.3 1 0
github.com/schedcu/reimplement/internal/metrics/metrics.go:321.2,321.35 1 1
github.com/schedcu/reimplement/internal/service/ods/error_collector.go:68.73,74.2 1 1
github.com/schedcu/reimplement/internal/service/ods/error_collector.go:77.76,81.2 3 1
github.com/schedcu/reimplement/internal/service/ods/error_collector.go:84.69,87.2 2 1
github.com/schedcu/reimplement/internal/service/ods/error_collector.go:90.81,93.2 2 1
github.com/schedcu/reimplement/internal/service/ods/error_collector.go:96.40,99.28 2 1
github.com/schedcu/reimplement/internal/service/ods/error_collector.go:99.28,101.3 1 1
github.com/schedcu/reimplement/internal/service/ods/error_collector.go:101.8,101.42 1 0
github.com/schedcu/reimplement/internal/service/ods/error_collector.go:101.42,103.3 1 0
github.com/schedcu/reimplement/internal/service/ods/error_collector.go:105.2,107.34 2 1
github.com/schedcu/reimplement/internal/service/ods/error_collector.go:144.48,148.2 1 1
github.com/schedcu/reimplement/internal/service/ods/error_collector.go:162.58,166.16 3 1
github.com/schedcu/reimplement/internal/service/ods/error_collector.go:166.16,168.30 1 1
github.com/schedcu/reimplement/internal/service/ods/error_collector.go:168.30,173.4 1 1
github.com/schedcu/reimplement/internal/service/ods/error_collector.go:174.3,174.65 1 1
github.com/schedcu/reimplement/internal/service/ods/error_collector.go:180.61,184.17 3 1
github.com/schedcu/reimplement/internal/service/ods/error_collector.go:184.17,186.30 1 1
github.com/schedcu/reimplement/internal/service/ods/error_collector.go:186.30,191.4 1 1
github.com/schedcu/reimplement/internal/service/ods/error_collector.go:192.3,192.70 1 1
github.com/schedcu/reimplement/internal/service/ods/error_collector.go:197.47,201.2 3 1
github.com/schedcu/reimplement/internal/service/ods/error_collector.go:204.49,208.2 3 1
github.com/schedcu/reimplement/internal/service/ods/error_collector.go:211.54,214.29 3 1
github.com/schedcu/reimplement/internal/service/ods/error_collector.go:214.29,216.3 1 1
github.com/schedcu/reimplement/internal/service/ods/error_collector.go:217.2,217.37 1 1
github.com/schedcu/reimplement/internal/service/ods/error_collector.go:221.56,224.29 3 1
github.com/schedcu/reimplement/internal/service/ods/error_collector.go:224.29,226.3 1 0
github.com/schedcu/reimplement/internal/service/ods/error_collector.go:227.2,227.39 1 1
github.com/schedcu/reimplement/internal/service/ods/error_collector.go:231.55,234.29 3 1
github.com/schedcu/reimplement/internal/service/ods/error_collector.go:234.29,236.3 1 0
github.com/schedcu/reimplement/internal/service/ods/error_collector.go:237.2,239.15 3 1
github.com/schedcu/reimplement/internal/service/ods/error_collector.go:243.57,246.29 3 1
github.com/schedcu/reimplement/internal/service/ods/error_collector.go:246.29,248.3 1 0
github.com/schedcu/reimplement/internal/service/ods/error_collector.go:249.2,251.15 3 1
github.com/schedcu/reimplement/internal/service/ods/error_collector.go:255.80,261.29 4 1
github.com/schedcu/reimplement/internal/service/ods/error_collector.go:261.29,263.3 1 0
github.com/schedcu/reimplement/internal/service/ods/error_collector.go:265.2,265.46 1 1
github.com/schedcu/reimplement/internal/service/ods/error_collector.go:265.46,266.17 1 1
github.com/schedcu/reimplement/internal/service/ods/error_collector.go:266.17,268.4 1 1
github.com/schedcu/reimplement/internal/service/ods/error_collector.go:271.2,271.16 1 1
github.com/schedcu/reimplement/internal/service/ods/error_collector.go:275.73,281.29 4 1
github.com/schedcu/reimplement/internal/service/ods/error_collector.go:281.29,283.3 1 0
github.com/schedcu/reimplement/internal/service/ods/error_collector.go:285.2,285.46 1 1
github.com/schedcu/reimplement/internal/service/ods/error_collector.go:285.46,286.32 1 1
github.com/schedcu/reimplement/internal/service/ods/error_collector.go:286.32,288.4 1 1
github.com/schedcu/reimplement/internal/service/ods/error_collector.go:291.2,291.16 1 1
github.com/schedcu/reimplement/internal/service/ods/error_collector.go:297.80,303.29 4 1
github.com/schedcu/reimplement/internal/service/ods/error_collector.go:303.29,305.3 1 1
github.com/schedcu/reimplement/internal/service/ods/error_collector.go:308.2,308.46 1 1
github.com/schedcu/reimplement/internal/service/ods/error_collector.go:308.46,309.17 1 1
github.com/schedcu/reimplement/internal/service/ods/error_collector.go:309.17,312.46 2 1
github.com/schedcu/reimplement/internal/service/ods/error_collector.go:312.46,314.5 1 0
github.com/schedcu/reimplement/internal/service/ods/error_collector.go:315.4,315.19 1 1
github.com/schedcu/reimplement/internal/service/ods/error_collector.go:315.19,317.5 1 0
github.com/schedcu/reimplement/internal/service/ods/error_collector.go:320.4,323.35 2 1
github.com/schedcu/reimplement/internal/service/ods/error_collector.go:328.2,328.49 1 1
github.com/schedcu/reimplement/internal/service/ods/error_collector.go:328.49,329.18 1 1
github.com/schedcu/reimplement/internal/service/ods/error_collector.go:329.18,332.47 2 1
github.com/schedcu/reimplement/internal/service/ods/error_collector.go:332.47,334.5 1 0
github.com/schedcu/reimplement/internal/service/ods/error_collector.go:335.4,335.19 1 1
github.com/schedcu/reimplement/internal/service/ods/error_collector.go:335.19,337.5 1 1
github.com/schedcu/reimplement/internal/service/ods/error_collector.go:340.4,343.37 2 1
github.com/schedcu/reimplement/internal/service/ods/error_collector.go:347.2,347.15 1 1
github.com/schedcu/reimplement/internal/service/ods/error_collector.go:351.82,358.29 3 1
github.com/schedcu/reimplement/internal/service/ods/error_collector.go:358.29,360.3 1 0
github.com/schedcu/reimplement/internal/service/ods/error_collector.go:360.8,360.44 1 1
github.com/schedcu/reimplement/internal/service/ods/error_collector.go:360.44,362.3 1 1
github.com/schedcu/reimplement/internal/service/ods/error_collector.go:362.8,362.24 1 1
github.com/schedcu/reimplement/internal/service/ods/error_collector.go:362.24,364.3 1 0
github.com/schedcu/reimplement/internal/service/ods/error_collector.go:364.8,364.29 1 1
github.com/schedcu/reimplement/internal/service/ods/error_collector.go:364.29,366.3 1 0
github.com/schedcu/reimplement/internal/service/ods/error_collector.go:369.2,369.48 1 1
github.com/schedcu/reimplement/internal/service/ods/error_collector.go:369.48,371.50 2 0
github.com/schedcu/reimplement/internal/service/ods/error_collector.go:371.50,373.4 1 0
github.com/schedcu/reimplement/internal/service/ods/error_collector.go:374.3,374.46 1 0
github.com/schedcu/reimplement/internal/service/ods/error_collector.go:374.46,376.4 1 0
github.com/schedcu/reimplement/internal/service/ods/error_collector.go:377.3,377.46 1 0
github.com/schedcu/reimplement/internal/service/ods/error_collector.go:377.46,379.4 1 0
github.com/schedcu/reimplement/internal/service/ods/error_collector.go:381.3,381.27 1 0
github.com/schedcu/reimplement/internal/service/ods/error_collector.go:381.27,383.4 1 0
github.com/schedcu/reimplement/internal/service/ods/error_collector.go:386.2,386.33 1 1
github.com/schedcu/reimplement/internal/service/ods/error_collector.go:394.106,398.27 3 1
github.com/schedcu/reimplement/internal/service/ods/error_collector.go:398.27,400.3 1 0
github.com/schedcu/reimplement/internal/service/ods/error_collector.go:402.2,411.4 2 1
github.com/schedcu/reimplement/internal/service/ods/error_collector.go:415.103,428.2 3 1
github.com/schedcu/reimplement/internal/service/ods/error_collector.go:431.84,444.2 3 0
github.com/schedcu/reimplement/internal/service/ods/error_collector.go:447.76,459.2 3 0
github.com/schedcu/reimplement/internal/service/ods/error_collector.go:462.54,466.2 3 0
github.com/schedcu/reimplement/internal/service/ods/error_collector.go:469.52,473.2 3 0
github.com/schedcu/reimplement/internal/service/ods/error_collector.go:476.56,483.2 5 0
github.com/schedcu/reimplement/internal/service/ods/error_collector.go:486.47,490.2 3 0
github.com/schedcu/reimplement/internal/service/ods/error_collector.go:493.52,498.30 4 1
github.com/schedcu/reimplement/internal/service/ods/error_collector.go:498.30,499.39 1 1
github.com/schedcu/reimplement/internal/service/ods/error_collector.go:499.39,501.4 1 1
github.com/schedcu/reimplement/internal/service/ods/error_collector.go:503.2,503.14 1 1
github.com/schedcu/reimplement/internal/service/ods/error_collector.go:507.51,511.2 3 1
github.com/schedcu/reimplement/internal/service/ods/error_collector.go:514.50,518.2 3 1
github.com/schedcu/reimplement/internal/service/ods/error_collector.go:521.54,525.2 3 1
github.com/schedcu/reimplement/internal/service/ods/error_collector.go:528.53,532.2 3 0
github.com/schedcu/reimplement/internal/service/ods/error_collector.go:535.56,539.2 3 1
github.com/schedcu/reimplement/internal/service/ods/error_collector.go:542.59,546.2 3 0
github.com/schedcu/reimplement/internal/service/ods/error_collector.go:549.83,555.32 4 1
github.com/schedcu/reimplement/internal/service/ods/error_collector.go:555.32,557.22 2 1
github.com/schedcu/reimplement/internal/service/ods/error_collector.go:557.22,559.4 1 1
github.com/schedcu/reimplement/internal/service/ods/error_collector.go:561.3,561.23 1 1
github.com/schedcu/reimplement/internal/service/ods/error_collector.go:562.30,563.39 1 1
github.com/schedcu/reimplement/internal/service/ods/error_collector.go:564.27,565.76 1 1
github.com/schedcu/reimplement/internal/service/ods/error_collector.go:566.27,567.41 1 0
github.com/schedcu/reimplement/internal/service/ods/error_collector.go:568.26,569.38 1 0
github.com/schedcu/reimplement/internal/service/ods/error_collector.go:574.2,581.15 7 1
github.com/schedcu/reimplement/internal/service/ods/importer.go:38.16,45.2 1 1
github.com/schedcu/reimplement/internal/service/ods/importer.go:68.36,73.28 2 1
github.com/schedcu/reimplement/internal/service/ods/importer.go:73.28,78.3 4 1
github.com/schedcu/reimplement/internal/service/ods/importer.go:80.2,80.24 1 1
github.com/schedcu/reimplement/internal/service/ods/importer.go:80.24,85.3 4 0
github.com/schedcu/reimplement/internal/service/ods/importer.go:88.2,88.22 1 1
github.com/schedcu/reimplement/internal/service/ods/importer.go:88.22,90.3 1 0
github.com/schedcu/reimplement/internal/service/ods/importer.go:93.2,94.21 2 1
github.com/schedcu/reimplement/internal/service/ods/importer.go:94.21,98.3 3 1
github.com/schedcu/reimplement/internal/service/ods/importer.go:100.2,100.27 1 1
github.com/schedcu/reimplement/internal/service/ods/importer.go:100.27,105.3 4 0
github.com/schedcu/reimplement/internal/service/ods/importer.go:108.2,109.20 2 1
github.com/schedcu/reimplement/internal/service/ods/importer.go:109.20,113.3 3 0
github.com/schedcu/reimplement/internal/service/ods/importer.go:116.2,126.18 3 1
github.com/schedcu/reimplement/internal/service/ods/importer.go:126.18,130.3 3 1
github.com/schedcu/reimplement/internal/service/ods/importer.go:132.2,137.54 4 1
github.com/schedcu/reimplement/internal/service/ods/importer.go:137.54,138.23 1 1
github.com/schedcu/reimplement/internal/service/ods/importer.go:138.23,139.9 1 0
github.com/schedcu/reimplement/internal/service/ods/importer.go:142.3,142.25 1 1
github.com/schedcu/reimplement/internal/service/ods/importer.go:142.25,144.12 2 0
github.com/schedcu/reimplement/internal/service/ods/importer.go:147.3,150.22 3 1
github.com/schedcu/reimplement/internal/service/ods/importer.go:150.22,160.12 4 1
github.com/schedcu/reimplement/internal/service/ods/importer.go:163.3,163.26 1 1
github.com/schedcu/reimplement/internal/service/ods/importer.go:163.26,165.4 1 1
github.com/schedcu/reimplement/internal/service/ods/importer.go:169.2,172.21 2 1
github.com/schedcu/reimplement/internal/service/ods/importer.go:172.21,179.3 1 1
github.com/schedcu/reimplement/internal/service/ods/importer.go:181.2,181.23 1 1
github.com/schedcu/reimplement/internal/service/ods/importer.go:186.75,188.2 1 1
github.com/schedcu/reimplement/internal/service/ods/importer.go:191.85,193.16 2 1
github.com/schedcu/reimplement/internal/service/ods/importer.go:193.16,195.3 1 0
github.com/schedcu/reimplement/internal/service/ods/importer.go:197.2,198.16 2 1
github.com/schedcu/reimplement/internal/service/ods/importer.go:198.16,200.3 1 0
github.com/schedcu/reimplement/internal/service/ods/importer.go:202.2,202.31 1 1
github.com/schedcu/reimplement/internal/service/ods/importer.go:202.31,204.3 1 0
github.com/schedcu/reimplement/internal/service/ods/importer.go:206.2,206.32 1 1
github.com/schedcu/reimplement/internal/service/ods/importer.go:214.25,227.34 3 1
github.com/schedcu/reimplement/internal/service/ods/importer.go:227.34,229.3 1 1
github.com/schedcu/reimplement/internal/service/ods/importer.go:230.2,230.24 1 1
github.com/schedcu/reimplement/internal/service/ods/importer.go:230.24,232.3 1 1
github.com/schedcu/reimplement/internal/service/ods/importer.go:234.2,234.14 1 1
github.com/schedcu/reimplement/internal/service/ods/importer.go:244.26,247.39 2 0
github.com/schedcu/reimplement/internal/service/ods/importer.go:247.39,249.17 2 0
github.com/schedcu/reimplement/internal/service/ods/importer.go:249.17,251.4 1 0
github.com/schedcu/reimplement/internal/service/ods/importer.go:251.9,253.4 1 0
github.com/schedcu/reimplement/internal/service/ods/importer.go:256.2,256.16 1 0
github.com/schedcu/reimplement/internal/service/ods/importer.go:260.65,262.15 2 0
github.com/schedcu/reimplement/internal/service/ods/importer.go:262.15,264.3 1 0
github.com/schedcu/reimplement/internal/service/ods/importer.go:266.2,276.3 1 0
github.com/schedcu/reimplement/internal/service/ods/importer.go:280.72,282.27 2 0
github.com/schedcu/reimplement/internal/service/ods/importer.go:282.27,283.29 1 0
github.com/schedcu/reimplement/internal/service/ods/importer.go:283.29,285.4 1 0
github.com/schedcu/reimplement/internal/service/ods/importer.go:287.2,287.14 1 0
github.com/schedcu/reimplement/internal/service/ods/importer.go:291.55,292.16 1 0
github.com/schedcu/reimplement/internal/service/ods/importer.go:292.16,294.3 1 0
github.com/schedcu/reimplement/internal/service/ods/importer.go:295.2,295.52 1 0
github.com/schedcu/reimplement/internal/service/ods/shift_mapper.go:48.69,55.2 1 1
github.com/schedcu/reimplement/internal/service/ods/shift_mapper.go:58.86,62.2 1 1
github.com/schedcu/reimplement/internal/service/ods/shift_mapper.go:92.34,94.35 1 1
github.com/schedcu/reimplement/internal/service/ods/shift_mapper.go:94.35,96.3 1 0
github.com/schedcu/reimplement/internal/service/ods/shift_mapper.go:97.2,97.24 1 1
github.com/schedcu/reimplement/internal/service/ods/shift_mapper.go:97.24,99.3 1 0
github.com/schedcu/reimplement/internal/service/ods/shift_mapper.go:102.2,103.16 2 1
github.com/schedcu/reimplement/internal/service/ods/shift_mapper.go:103.16,105.3 1 1
github.com/schedcu/reimplement/internal/service/ods/shift_mapper.go:108.2,108.60 1 1
github.com/schedcu/reimplement/internal/service/ods/shift_mapper.go:108.60,110.3 1 1
github.com/schedcu/reimplement/internal/service/ods/shift_mapper.go:113.2,114.16 2 1
github.com/schedcu/reimplement/internal/service/ods/shift_mapper.go:114.16,116.3 1 1
github.com/schedcu/reimplement/internal/service/ods/shift_mapper.go:119.2,135.21 3 1
github.com/schedcu/reimplement/internal/service/ods/shift_mapper.go:135.21,137.3 1 1
github.com/schedcu/reimplement/internal/service/ods/shift_mapper.go:139.2,140.21 2 1
github.com/schedcu/reimplement/internal/service/ods/shift_mapper.go:140.21,142.3 1 1
github.com/schedcu/reimplement/internal/service/ods/shift_mapper.go:146.2,148.19 2 1
github.com/schedcu/reimplement/internal/service/ods/shift_mapper.go:160.88,163.19 2 1
github.com/schedcu/reimplement/internal/service/ods/shift_mapper.go:163.19,165.3 1 1
github.com/schedcu/reimplement/internal/service/ods/shift_mapper.go:169.2,170.16 2 1
github.com/schedcu/reimplement/internal/service/ods/shift_mapper.go:170.16,172.3 1 1
github.com/schedcu/reimplement/internal/service/ods/shift_mapper.go:175.2,175.31 1 1
github.com/schedcu/reimplement/internal/service/ods/shift_mapper.go:175.31,179.39 3 1
github.com/schedcu/reimplement/internal/service/ods/shift_mapper.go:179.39,181.4 1 1
github.com/schedcu/reimplement/internal/service/ods/shift_mapper.go:184.2,184.24 1 1
github.com/schedcu/reimplement/internal/service/ods/shift_mapper.go:194.74,197.19 2 1
github.com/schedcu/reimplement/internal/service/ods/shift_mapper.go:197.19,199.3 1 1
github.com/schedcu/reimplement/internal/service/ods/shift_mapper.go:201.2,201.31 1 1
github.com/schedcu/reimplement/internal/service/ods/shift_mapper.go:201.31,204.3 2 1
github.com/schedcu/reimplement/internal/service/ods/shift_mapper.go:206.2,206.12 1 1
github.com/schedcu/reimplement/internal/service/ods/shift_mapper.go:215.98,218.19 2 1
github.com/schedcu/reimplement/internal/service/ods/shift_mapper.go:218.19,220.3 1 1
github.com/schedcu/reimplement/internal/service/ods/shift_mapper.go:222.2,223.16 2 1
github.com/schedcu/reimplement/internal/service/ods/shift_mapper.go:223.16,225.3 1 1
github.com/schedcu/reimplement/internal/service/ods/shift_mapper.go:227.2,227.19 1 1
github.com/schedcu/reimplement/internal/service/ods/shift_mapper.go:227.19,229.3 1 1
github.com/schedcu/reimplement/internal/service/ods/shift_mapper.go:231.2,231.22 1 1
github.com/schedcu/reimplement/internal/service/ods/shift_mapper_examples.go:12.30,32.16 6 0
github.com/schedcu/reimplement/internal/service/ods/shift_mapper_examples.go:32.16,35.3 2 0
github.com/schedcu/reimplement/internal/service/ods/shift_mapper_examples.go:38.2,39.49 2 0
github.com/schedcu/reimplement/internal/service/ods/shift_mapper_examples.go:43.31,57.16 6 0
github.com/schedcu/reimplement/internal/service/ods/shift_mapper_examples.go:57.16,60.3 1 0
github.com/schedcu/reimplement/internal/service/ods/shift_mapper_examples.go:62.2,62.18 1 0
github.com/schedcu/reimplement/internal/service/ods/shift_mapper_examples.go:62.18,64.3 1 0
github.com/schedcu/reimplement/internal/service/ods/shift_mapper_examples.go:68.32,83.16 6 0
github.com/schedcu/reimplement/internal/service/ods/shift_mapper_examples.go:83.16,86.3 2 0
github.com/schedcu/reimplement/internal/service/ods/shift_mapper_examples.go:89.2,89.38 1 0
github.com/schedcu/reimplement/internal/service/ods/shift_mapper_examples.go:89.38,91.3 1 0
github.com/schedcu/reimplement/internal/service/ods/shift_mapper_examples.go:93.2,93.28 1 0
github.com/schedcu/reimplement/internal/service/ods/shift_mapper_examples.go:93.28,95.3 1 0
github.com/schedcu/reimplement/internal/service/ods/shift_mapper_examples.go:99.34,102.16 2 0
github.com/schedcu/reimplement/internal/service/ods/shift_mapper_examples.go:102.16,105.3 2 0
github.com/schedcu/reimplement/internal/service/ods/shift_mapper_examples.go:108.2,120.16 6 0
github.com/schedcu/reimplement/internal/service/ods/shift_mapper_examples.go:120.16,123.3 2 0
github.com/schedcu/reimplement/internal/service/ods/shift_mapper_examples.go:126.2,127.58 2 0
github.com/schedcu/reimplement/internal/service/ods/shift_mapper_examples.go:131.39,145.16 6 0
github.com/schedcu/reimplement/internal/service/ods/shift_mapper_examples.go:145.16,147.3 1 0
github.com/schedcu/reimplement/internal/service/ods/shift_mapper_examples.go:150.2,156.16 3 0
github.com/schedcu/reimplement/internal/service/ods/shift_mapper_examples.go:156.16,158.3 1 0
github.com/schedcu/reimplement/internal/service/ods/shift_mapper_examples.go:168.17,175.39 3 0
github.com/schedcu/reimplement/internal/service/ods/shift_mapper_examples.go:175.39,178.17 2 0
github.com/schedcu/reimplement/internal/service/ods/shift_mapper_examples.go:178.17,181.12 2 0
github.com/schedcu/reimplement/internal/service/ods/shift_mapper_examples.go:191.3,192.78 2 0
github.com/schedcu/reimplement/internal/service/ods/shift_mapper_examples.go:195.2,195.16 1 0
github.com/schedcu/reimplement/internal/service/ods/shift_mapper_examples.go:199.57,207.37 6 0
github.com/schedcu/reimplement/internal/service/ods/shift_mapper_examples.go:207.37,209.17 2 0
github.com/schedcu/reimplement/internal/service/ods/shift_mapper_examples.go:209.17,212.12 3 0
github.com/schedcu/reimplement/internal/service/ods/shift_mapper_examples.go:216.3,217.17 2 0
github.com/schedcu/reimplement/internal/service/ods/shift_mapper_examples.go:220.2,220.81 1 0
github.com/schedcu/reimplement/internal/service/ods/shift_mapper_examples.go:228.9,233.16 3 0
github.com/schedcu/reimplement/internal/service/ods/shift_mapper_examples.go:233.16,236.3 1 0
github.com/schedcu/reimplement/internal/service/ods/shift_mapper_examples.go:240.2,243.12 2 0
github.com/schedcu/reimplement/internal/service/ods/shift_mapper_examples.go:247.36,254.39 5 0
github.com/schedcu/reimplement/internal/service/ods/shift_mapper_examples.go:254.39,262.17 3 0
github.com/schedcu/reimplement/internal/service/ods/shift_mapper_examples.go:262.17,264.12 2 0
github.com/schedcu/reimplement/internal/service/ods/shift_mapper_examples.go:267.3,267.60 1 0
github.com/schedcu/reimplement/internal/service/ods/shift_mapper_examples.go:272.28,286.16 6 0
github.com/schedcu/reimplement/internal/service/ods/shift_mapper_examples.go:286.16,288.3 1 0
github.com/schedcu/reimplement/internal/service/ods/shift_mapper_examples.go:288.8,290.3 1 0
github.com/schedcu/reimplement/internal/service/ods/shift_mapper_examples.go:293.2,300.16 3 0
github.com/schedcu/reimplement/internal/service/ods/shift_mapper_examples.go:300.16,302.3 1 0
github.com/schedcu/reimplement/internal/service/ods/shift_mapper_examples.go:302.8,304.3 1 0
github.com/schedcu/reimplement/internal/service/ods/shift_mapper_examples.go:307.2,314.16 3 0
github.com/schedcu/reimplement/internal/service/ods/shift_mapper_examples.go:314.16,316.3 1 0
github.com/schedcu/reimplement/internal/service/ods/shift_mapper_examples.go:316.8,318.3 1 0
github.com/schedcu/reimplement/internal/validation/validation.go:20.35,22.2 1 1
github.com/schedcu/reimplement/internal/validation/validation.go:27.45,30.11 2 1
github.com/schedcu/reimplement/internal/validation/validation.go:31.15,32.20 1 1
github.com/schedcu/reimplement/internal/validation/validation.go:33.17,34.22 1 1
github.com/schedcu/reimplement/internal/validation/validation.go:35.14,36.19 1 1
github.com/schedcu/reimplement/internal/validation/validation.go:37.10,38.51 1 1
github.com/schedcu/reimplement/internal/validation/validation.go:56.39,58.2 1 1
github.com/schedcu/reimplement/internal/validation/validation.go:63.59,66.11 2 1
github.com/schedcu/reimplement/internal/validation/validation.go:67.29,68.34 1 1
github.com/schedcu/reimplement/internal/validation/validation.go:69.32,70.37 1 1
github.com/schedcu/reimplement/internal/validation/validation.go:71.25,72.30 1 1
github.com/schedcu/reimplement/internal/validation/validation.go:73.21,74.26 1 1
github.com/schedcu/reimplement/internal/validation/validation.go:75.24,76.29 1 1
github.com/schedcu/reimplement/internal/validation/validation.go:77.32,78.37 1 1
github.com/schedcu/reimplement/internal/validation/validation.go:79.23,80.28 1 1
github.com/schedcu/reimplement/internal/validation/validation.go:81.10,82.55 1 1
github.com/schedcu/reimplement/internal/validation/validation.go:140.46,147.2 1 1
github.com/schedcu/reimplement/internal/validation/validation.go:152.61,157.2 1 1
github.com/schedcu/reimplement/internal/validation/validation.go:162.63,167.2 1 1
github.com/schedcu/reimplement/internal/validation/validation.go:172.60,177.2 1 1
github.com/schedcu/reimplement/internal/validation/validation.go:180.46,182.2 1 1
github.com/schedcu/reimplement/internal/validation/validation.go:185.48,187.2 1 1
github.com/schedcu/reimplement/internal/validation/validation.go:190.46,192.2 1 1
github.com/schedcu/reimplement/internal/validation/validation.go:195.48,197.2 1 1
github.com/schedcu/reimplement/internal/validation/validation.go:200.45,202.2 1 1
github.com/schedcu/reimplement/internal/validation/validation.go:205.41,207.2 1 1
github.com/schedcu/reimplement/internal/validation/validation.go:211.44,213.2 1 1
github.com/schedcu/reimplement/internal/validation/validation.go:217.71,219.2 1 1
github.com/schedcu/reimplement/internal/validation/validation.go:224.72,227.2 2 1
github.com/schedcu/reimplement/tests/helpers/query_counter.go:36.24,45.2 6 1
github.com/schedcu/reimplement/tests/helpers/query_counter.go:48.23,56.2 5 1
github.com/schedcu/reimplement/tests/helpers/query_counter.go:59.26,67.2 5 1
github.com/schedcu/reimplement/tests/helpers/query_counter.go:70.33,81.2 7 1
github.com/schedcu/reimplement/tests/helpers/query_counter.go:85.24,93.2 5 1
github.com/schedcu/reimplement/tests/helpers/query_counter.go:96.38,103.28 5 1
github.com/schedcu/reimplement/tests/helpers/query_counter.go:103.28,105.3 1 1
github.com/schedcu/reimplement/tests/helpers/query_counter.go:110.55,111.24 1 1
github.com/schedcu/reimplement/tests/helpers/query_counter.go:111.24,113.3 1 1
github.com/schedcu/reimplement/tests/helpers/query_counter.go:115.2,123.3 3 1
github.com/schedcu/reimplement/tests/helpers/query_counter.go:128.48,130.27 2 1
github.com/schedcu/reimplement/tests/helpers/query_counter.go:130.27,132.3 1 1
github.com/schedcu/reimplement/tests/helpers/query_counter.go:134.2,142.3 3 1
github.com/schedcu/reimplement/tests/helpers/query_counter.go:149.80,157.27 3 1
github.com/schedcu/reimplement/tests/helpers/query_counter.go:157.27,159.3 1 1
github.com/schedcu/reimplement/tests/helpers/query_counter.go:161.2,171.3 3 1
github.com/schedcu/reimplement/tests/helpers/query_counter.go:176.26,178.23 2 1
github.com/schedcu/reimplement/tests/helpers/query_counter.go:178.23,180.3 1 1
github.com/schedcu/reimplement/tests/helpers/query_counter.go:182.2,185.28 3 1
github.com/schedcu/reimplement/tests/helpers/query_counter.go:185.28,188.22 3 1
github.com/schedcu/reimplement/tests/helpers/query_counter.go:188.22,190.4 1 1
github.com/schedcu/reimplement/tests/helpers/query_counter.go:191.3,191.21 1 1
github.com/schedcu/reimplement/tests/helpers/query_counter.go:191.21,193.4 1 0
github.com/schedcu/reimplement/tests/helpers/query_counter.go:194.3,194.23 1 1
github.com/schedcu/reimplement/tests/helpers/query_counter.go:197.2,197.20 1 1
github.com/schedcu/reimplement/tests/helpers/query_counter.go:201.62,202.23 1 1
github.com/schedcu/reimplement/tests/helpers/query_counter.go:202.23,204.3 1 0
github.com/schedcu/reimplement/tests/helpers/query_counter.go:206.2,209.28 3 1
github.com/schedcu/reimplement/tests/helpers/query_counter.go:209.28,212.21 2 1
github.com/schedcu/reimplement/tests/helpers/query_counter.go:212.21,214.4 1 1
github.com/schedcu/reimplement/tests/helpers/query_counter.go:216.3,218.42 2 1
github.com/schedcu/reimplement/tests/helpers/query_counter.go:218.42,220.4 1 1
github.com/schedcu/reimplement/tests/helpers/query_counter.go:223.2,223.20 1 1
github.com/schedcu/reimplement/tests/helpers/query_counter.go:233.70,235.16 2 0
github.com/schedcu/reimplement/tests/helpers/query_counter.go:235.16,237.3 1 0
github.com/schedcu/reimplement/tests/helpers/query_counter.go:238.2,240.8 1 0
github.com/schedcu/reimplement/tests/helpers/query_counter.go:249.72,251.16 2 0
github.com/schedcu/reimplement/tests/helpers/query_counter.go:251.16,253.3 1 0
github.com/schedcu/reimplement/tests/helpers/query_counter.go:254.2,257.8 1 0
github.com/schedcu/reimplement/tests/helpers/query_counter.go:261.43,263.2 1 0
github.com/schedcu/reimplement/tests/helpers/query_counter.go:266.56,268.16 2 0
github.com/schedcu/reimplement/tests/helpers/query_counter.go:268.16,270.3 1 0
github.com/schedcu/reimplement/tests/helpers/query_counter.go:271.2,273.8 1 0
github.com/schedcu/reimplement/tests/helpers/query_counter.go:283.43,285.2 1 0
github.com/schedcu/reimplement/tests/helpers/query_counter.go:288.44,290.2 1 0
github.com/schedcu/reimplement/tests/helpers/query_counter.go:293.78,307.2 5 0
github.com/schedcu/reimplement/tests/helpers/query_counter.go:310.77,324.2 5 0
github.com/schedcu/reimplement/tests/helpers/query_counter.go:332.42,334.2 1 0
github.com/schedcu/reimplement/tests/helpers/query_counter.go:337.44,339.2 1 0
github.com/schedcu/reimplement/tests/helpers/query_counter.go:342.73,343.20 1 0
github.com/schedcu/reimplement/tests/helpers/query_counter.go:343.20,345.3 1 0
github.com/schedcu/reimplement/tests/helpers/query_counter.go:347.2,348.27 2 0
github.com/schedcu/reimplement/tests/helpers/query_counter.go:348.27,350.3 1 0
github.com/schedcu/reimplement/tests/helpers/query_counter.go:351.2,351.18 1 0
github.com/schedcu/reimplement/tests/helpers/query_counter.go:358.49,366.2 1 0
github.com/schedcu/reimplement/tests/helpers/query_counter.go:379.74,380.23 1 0
github.com/schedcu/reimplement/tests/helpers/query_counter.go:380.23,382.3 1 0
github.com/schedcu/reimplement/tests/helpers/query_counter.go:384.2,386.3 1 0
github.com/schedcu/reimplement/tests/helpers/testcontainers_integration.go:30.56,31.19 1 1
github.com/schedcu/reimplement/tests/helpers/testcontainers_integration.go:32.18,40.4 1 1
github.com/schedcu/reimplement/tests/helpers/testcontainers_integration.go:41.15,49.4 1 1
github.com/schedcu/reimplement/tests/helpers/testcontainers_integration.go:50.10,58.4 1 0
github.com/schedcu/reimplement/tests/helpers/testcontainers_integration.go:64.56,66.16 2 0
github.com/schedcu/reimplement/tests/helpers/testcontainers_integration.go:66.16,68.3 1 0
github.com/schedcu/reimplement/tests/helpers/testcontainers_integration.go:71.2,71.34 1 0
github.com/schedcu/reimplement/tests/helpers/testcontainers_integration.go:71.34,73.3 1 0
github.com/schedcu/reimplement/tests/helpers/testcontainers_integration.go:75.2,75.16 1 0
github.com/schedcu/reimplement/tests/helpers/testcontainers_integration.go:80.72,82.16 2 0
github.com/schedcu/reimplement/tests/helpers/testcontainers_integration.go:82.16,84.3 1 0
github.com/schedcu/reimplement/tests/helpers/testcontainers_integration.go:90.2,90.16 1 0
github.com/schedcu/reimplement/tests/helpers/testcontainers_integration.go:94.67,95.23 1 0
github.com/schedcu/reimplement/tests/helpers/testcontainers_integration.go:95.23,97.3 1 0
github.com/schedcu/reimplement/tests/helpers/testcontainers_integration.go:98.2,98.24 1 0
github.com/schedcu/reimplement/tests/helpers/testcontainers_integration.go:108.84,112.2 1 0
github.com/schedcu/reimplement/tests/helpers/testcontainers_integration.go:115.100,123.2 1 0
github.com/schedcu/reimplement/tests/helpers/testcontainers_integration.go:126.100,128.2 1 0
github.com/schedcu/reimplement/tests/helpers/testcontainers_integration.go:131.93,133.2 1 0
github.com/schedcu/reimplement/tests/helpers/testcontainers_integration.go:136.56,138.2 1 0
github.com/schedcu/reimplement/tests/helpers/testcontainers_integration.go:156.50,165.2 1 1
github.com/schedcu/reimplement/tests/helpers/testcontainers_integration.go:168.47,177.2 1 1
github.com/schedcu/reimplement/tests/helpers/testcontainers_integration.go:188.64,189.19 1 0
github.com/schedcu/reimplement/tests/helpers/testcontainers_integration.go:189.19,190.40 1 0
github.com/schedcu/reimplement/tests/helpers/testcontainers_integration.go:190.40,192.4 1 0
github.com/schedcu/reimplement/tests/helpers/testcontainers_integration.go:195.2,195.26 1 0
github.com/schedcu/reimplement/tests/helpers/testcontainers_integration.go:195.26,196.54 1 0
github.com/schedcu/reimplement/tests/helpers/testcontainers_integration.go:196.54,198.4 1 0
github.com/schedcu/reimplement/tests/helpers/testcontainers_integration.go:201.2,201.12 1 0
github.com/schedcu/reimplement/tests/helpers/testcontainers_integration.go:206.62,207.39 1 0
github.com/schedcu/reimplement/tests/helpers/testcontainers_integration.go:207.39,208.13 1 0
github.com/schedcu/reimplement/internal/service/coverage/assertions.go:24.60,28.2 1 1
github.com/schedcu/reimplement/internal/service/coverage/assertions.go:48.72,51.2 2 1
github.com/schedcu/reimplement/internal/service/coverage/assertions.go:68.69,70.2 1 1
github.com/schedcu/reimplement/internal/service/coverage/assertions.go:93.110,99.31 5 1
github.com/schedcu/reimplement/internal/service/coverage/assertions.go:99.31,101.3 1 1
github.com/schedcu/reimplement/internal/service/coverage/assertions.go:103.2,112.3 3 1
github.com/schedcu/reimplement/internal/service/coverage/assertions.go:129.77,131.2 1 1
github.com/schedcu/reimplement/internal/service/coverage/assertions.go:155.109,157.2 1 1
github.com/schedcu/reimplement/internal/service/coverage/assertions.go:186.24,192.16 5 1
github.com/schedcu/reimplement/internal/service/coverage/assertions.go:192.16,194.3 1 1
github.com/schedcu/reimplement/internal/service/coverage/assertions.go:196.2,196.96 1 1
github.com/schedcu/reimplement/internal/service/coverage/assertions.go:196.96,198.3 1 1
github.com/schedcu/reimplement/internal/service/coverage/assertions.go:200.2,200.20 1 1
github.com/schedcu/reimplement/internal/service/coverage/assertions.go:221.24,227.16 5 1
github.com/schedcu/reimplement/internal/service/coverage/assertions.go:227.16,229.3 1 0
github.com/schedcu/reimplement/internal/service/coverage/assertions.go:231.2,231.96 1 1
github.com/schedcu/reimplement/internal/service/coverage/assertions.go:231.96,233.3 1 0
github.com/schedcu/reimplement/internal/service/coverage/assertions.go:235.2,235.20 1 1
github.com/schedcu/reimplement/internal/service/coverage/assertions.go:266.39,275.16 7 1
github.com/schedcu/reimplement/internal/service/coverage/assertions.go:275.16,277.3 1 0
github.com/schedcu/reimplement/internal/service/coverage/assertions.go:279.2,279.96 1 1
github.com/schedcu/reimplement/internal/service/coverage/assertions.go:279.96,281.3 1 0
github.com/schedcu/reimplement/internal/service/coverage/assertions.go:283.2,283.28 1 1
github.com/schedcu/reimplement/internal/service/coverage/assertions.go:283.28,290.3 1 1
github.com/schedcu/reimplement/internal/service/coverage/assertions.go:292.2,292.30 1 1
github.com/schedcu/reimplement/internal/service/coverage/assertions.go:303.58,305.2 1 1
github.com/schedcu/reimplement/internal/service/coverage/assertions.go:309.83,314.13 4 1
github.com/schedcu/reimplement/internal/service/coverage/assertions.go:314.13,316.3 1 1
github.com/schedcu/reimplement/internal/service/coverage/assertions.go:317.2,317.14 1 1
github.com/schedcu/reimplement/internal/service/coverage/assertions.go:321.95,322.23 1 1
github.com/schedcu/reimplement/internal/service/coverage/assertions.go:322.23,324.3 1 1
github.com/schedcu/reimplement/internal/service/coverage/assertions.go:326.2,329.28 3 1
github.com/schedcu/reimplement/internal/service/coverage/assertions.go:329.28,332.21 2 1
github.com/schedcu/reimplement/internal/service/coverage/assertions.go:332.21,334.4 1 1
github.com/schedcu/reimplement/internal/service/coverage/assertions.go:336.3,338.42 2 1
github.com/schedcu/reimplement/internal/service/coverage/assertions.go:338.42,340.4 1 1
github.com/schedcu/reimplement/internal/service/coverage/assertions.go:342.3,342.21 1 1
github.com/schedcu/reimplement/internal/service/coverage/assertions.go:342.21,344.4 1 0
github.com/schedcu/reimplement/internal/service/coverage/assertions.go:346.3,346.21 1 1
github.com/schedcu/reimplement/internal/service/coverage/assertions.go:346.21,348.4 1 1
github.com/schedcu/reimplement/internal/service/coverage/assertions.go:351.2,351.15 1 1
github.com/schedcu/reimplement/internal/service/coverage/assertions.go:372.9,373.35 1 1
github.com/schedcu/reimplement/internal/service/coverage/assertions.go:373.35,375.3 1 1
github.com/schedcu/reimplement/internal/service/coverage/assertions.go:377.2,380.3 1 1
github.com/schedcu/reimplement/internal/service/coverage/assertions.go:404.94,408.26 3 1
github.com/schedcu/reimplement/internal/service/coverage/assertions.go:408.26,410.3 1 1
github.com/schedcu/reimplement/internal/service/coverage/assertions.go:412.2,429.3 3 1
github.com/schedcu/reimplement/internal/service/coverage/assertions.go:446.117,455.2 4 1
github.com/schedcu/reimplement/internal/service/coverage/data_loader.go:60.90,64.2 1 1
github.com/schedcu/reimplement/internal/service/coverage/data_loader.go:95.36,97.25 1 1
github.com/schedcu/reimplement/internal/service/coverage/data_loader.go:97.25,99.3 1 1
github.com/schedcu/reimplement/internal/service/coverage/data_loader.go:101.2,101.35 1 1
github.com/schedcu/reimplement/internal/service/coverage/data_loader.go:101.35,103.3 1 0
github.com/schedcu/reimplement/internal/service/coverage/data_loader.go:106.2,107.16 2 1
github.com/schedcu/reimplement/internal/service/coverage/data_loader.go:107.16,109.3 1 1
github.com/schedcu/reimplement/internal/service/coverage/data_loader.go:116.2,116.20 1 1
github.com/schedcu/reimplement/internal/service/amion/assignment_mapper.go:37.46,39.2 1 1
github.com/schedcu/reimplement/internal/service/amion/assignment_mapper.go:79.31,81.26 1 1
github.com/schedcu/reimplement/internal/service/amion/assignment_mapper.go:81.26,83.3 1 1
github.com/schedcu/reimplement/internal/service/amion/assignment_mapper.go:85.2,85.35 1 1
github.com/schedcu/reimplement/internal/service/amion/assignment_mapper.go:85.35,87.3 1 1
github.com/schedcu/reimplement/internal/service/amion/assignment_mapper.go:89.2,89.24 1 1
github.com/schedcu/reimplement/internal/service/amion/assignment_mapper.go:89.24,91.3 1 1
github.com/schedcu/reimplement/internal/service/amion/assignment_mapper.go:94.2,94.26 1 1
github.com/schedcu/reimplement/internal/service/amion/assignment_mapper.go:94.26,96.3 1 1
github.com/schedcu/reimplement/internal/service/amion/assignment_mapper.go:99.2,99.36 1 1
github.com/schedcu/reimplement/internal/service/amion/assignment_mapper.go:99.36,101.3 1 1
github.com/schedcu/reimplement/internal/service/amion/assignment_mapper.go:104.2,104.58 1 1
github.com/schedcu/reimplement/internal/service/amion/assignment_mapper.go:104.58,106.3 1 1
github.com/schedcu/reimplement/internal/service/amion/assignment_mapper.go:109.2,110.16 2 1
github.com/schedcu/reimplement/internal/service/amion/assignment_mapper.go:110.16,112.3 1 1
github.com/schedcu/reimplement/internal/service/amion/assignment_mapper.go:115.2,126.24 2 1
github.com/schedcu/reimplement/internal/service/amion/assignment_mapper.go:135.74,136.19 1 1
github.com/schedcu/reimplement/internal/service/amion/assignment_mapper.go:136.19,138.3 1 1
github.com/schedcu/reimplement/internal/service/amion/assignment_mapper.go:141.2,142.16 2 1
github.com/schedcu/reimplement/internal/service/amion/assignment_mapper.go:142.16,144.3 1 1
github.com/schedcu/reimplement/internal/service/amion/assignment_mapper.go:146.2,146.24 1 1
github.com/schedcu/reimplement/internal/service/amion/assignment_mapper_examples.go:15.42,49.16 9 0
github.com/schedcu/reimplement/internal/service/amion/assignment_mapper_examples.go:49.16,51.3 1 0
github.com/schedcu/reimplement/internal/service/amion/assignment_mapper_examples.go:54.2,57.21 1 0
github.com/schedcu/reimplement/internal/service/amion/assignment_mapper_examples.go:61.44,112.32 9 0
github.com/schedcu/reimplement/internal/service/amion/assignment_mapper_examples.go:112.32,122.17 2 0
github.com/schedcu/reimplement/internal/service/amion/assignment_mapper_examples.go:122.17,124.4 1 0
github.com/schedcu/reimplement/internal/service/amion/assignment_mapper_examples.go:125.3,125.48 1 0
github.com/schedcu/reimplement/internal/service/amion/assignment_mapper_examples.go:128.2,128.74 1 0
github.com/schedcu/reimplement/internal/service/amion/assignment_mapper_examples.go:132.45,149.16 7 0
github.com/schedcu/reimplement/internal/service/amion/assignment_mapper_examples.go:149.16,151.3 1 0
github.com/schedcu/reimplement/internal/service/amion/assignment_mapper_examples.go:154.2,164.16 4 0
github.com/schedcu/reimplement/internal/service/amion/assignment_mapper_examples.go:164.16,166.3 1 0
github.com/schedcu/reimplement/internal/service/amion/assignment_mapper_examples.go:169.2,174.16 5 0
github.com/schedcu/reimplement/internal/service/amion/assignment_mapper_examples.go:174.16,176.3 1 0
github.com/schedcu/reimplement/internal/service/amion/assignment_mapper_examples.go:180.46,210.16 9 0
github.com/schedcu/reimplement/internal/service/amion/assignment_mapper_examples.go:210.16,212.3 1 0
github.com/schedcu/reimplement/internal/service/amion/assignment_mapper_examples.go:220.2,220.110 1 0
github.com/schedcu/reimplement/internal/service/amion/assignment_mapper_examples.go:228.121,230.2 1 0
github.com/schedcu/reimplement/internal/service/amion/assignment_mapper_examples.go:232.107,234.2 1 0
github.com/schedcu/reimplement/internal/service/amion/assignment_mapper_examples.go:236.137,238.2 1 0
github.com/schedcu/reimplement/internal/service/amion/assignment_mapper_examples.go:240.111,242.2 1 0
github.com/schedcu/reimplement/internal/service/amion/assignment_mapper_examples.go:244.96,246.2 1 0
github.com/schedcu/reimplement/internal/service/amion/assignment_mapper_examples.go:248.81,250.2 1 0
github.com/schedcu/reimplement/internal/service/amion/assignment_mapper_examples.go:252.120,254.2 1 0
github.com/schedcu/reimplement/internal/service/amion/client.go:38.36,40.2 1 0
github.com/schedcu/reimplement/internal/service/amion/client.go:49.39,51.2 1 1
github.com/schedcu/reimplement/internal/service/amion/client.go:60.37,62.2 1 0
github.com/schedcu/reimplement/internal/service/amion/client.go:73.37,76.2 1 0
github.com/schedcu/reimplement/internal/service/amion/client.go:107.67,109.19 1 1
github.com/schedcu/reimplement/internal/service/amion/client.go:109.19,111.3 1 1
github.com/schedcu/reimplement/internal/service/amion/client.go:113.2,114.16 2 1
github.com/schedcu/reimplement/internal/service/amion/client.go:114.16,116.3 1 0
github.com/schedcu/reimplement/internal/service/amion/client.go:119.2,119.28 1 1
github.com/schedcu/reimplement/internal/service/amion/client.go:119.28,121.3 1 0
github.com/schedcu/reimplement/internal/service/amion/client.go:123.2,123.63 1 1
github.com/schedcu/reimplement/internal/service/amion/client.go:123.63,125.3 1 1
github.com/schedcu/reimplement/internal/service/amion/client.go:129.2,151.69 3 1
github.com/schedcu/reimplement/internal/service/amion/client.go:151.69,153.22 1 1
github.com/schedcu/reimplement/internal/service/amion/client.go:153.22,155.5 1 1
github.com/schedcu/reimplement/internal/service/amion/client.go:156.4,156.14 1 1
github.com/schedcu/reimplement/internal/service/amion/client.go:160.2,164.8 1 1
github.com/schedcu/reimplement/internal/service/amion/client.go:169.64,171.2 1 0
github.com/schedcu/reimplement/internal/service/amion/client.go:198.87,201.2 2 1
github.com/schedcu/reimplement/internal/service/amion/client.go:219.119,221.18 1 1
github.com/schedcu/reimplement/internal/service/amion/client.go:221.18,223.3 1 0
github.com/schedcu/reimplement/internal/service/amion/client.go:225.2,226.16 2 1
github.com/schedcu/reimplement/internal/service/amion/client.go:226.16,228.3 1 1
github.com/schedcu/reimplement/internal/service/amion/client.go:231.2,231.24 1 1
github.com/schedcu/reimplement/internal/service/amion/client.go:231.24,234.17 3 1
github.com/schedcu/reimplement/internal/service/amion/client.go:234.17,236.4 1 0
github.com/schedcu/reimplement/internal/service/amion/client.go:237.3,237.23 1 1
github.com/schedcu/reimplement/internal/service/amion/client.go:240.2,244.53 3 1
github.com/schedcu/reimplement/internal/service/amion/client.go:244.53,246.18 1 1
github.com/schedcu/reimplement/internal/service/amion/client.go:246.18,249.23 2 1
github.com/schedcu/reimplement/internal/service/amion/client.go:249.23,251.5 1 0
github.com/schedcu/reimplement/internal/service/amion/client.go:253.4,253.11 1 1
github.com/schedcu/reimplement/internal/service/amion/client.go:254.31,254.31 0 1
github.com/schedcu/reimplement/internal/service/amion/client.go:256.22,257.84 1 0
github.com/schedcu/reimplement/internal/service/amion/client.go:262.3,263.17 2 1
github.com/schedcu/reimplement/internal/service/amion/client.go:263.17,265.12 2 0
github.com/schedcu/reimplement/internal/service/amion/client.go:269.3,274.22 5 1
github.com/schedcu/reimplement/internal/service/amion/client.go:274.22,276.4 1 0
github.com/schedcu/reimplement/internal/service/amion/client.go:279.3,282.17 2 1
github.com/schedcu/reimplement/internal/service/amion/client.go:282.17,287.53 3 1
github.com/schedcu/reimplement/internal/service/amion/client.go:287.53,288.24 1 1
github.com/schedcu/reimplement/internal/service/amion/client.go:288.24,290.6 1 0
github.com/schedcu/reimplement/internal/service/amion/client.go:291.5,291.13 1 1
github.com/schedcu/reimplement/internal/service/amion/client.go:295.4,295.59 1 1
github.com/schedcu/reimplement/internal/service/amion/client.go:299.3,304.29 3 1
github.com/schedcu/reimplement/internal/service/amion/client.go:304.29,308.23 3 1
github.com/schedcu/reimplement/internal/service/amion/client.go:308.23,310.5 1 0
github.com/schedcu/reimplement/internal/service/amion/client.go:313.4,313.54 1 1
github.com/schedcu/reimplement/internal/service/amion/client.go:313.54,314.24 1 1
github.com/schedcu/reimplement/internal/service/amion/client.go:314.24,316.6 1 0
github.com/schedcu/reimplement/internal/service/amion/client.go:317.5,317.13 1 1
github.com/schedcu/reimplement/internal/service/amion/client.go:321.4,325.5 1 1
github.com/schedcu/reimplement/internal/service/amion/client.go:329.3,330.52 2 1
github.com/schedcu/reimplement/internal/service/amion/client.go:330.52,332.18 2 1
github.com/schedcu/reimplement/internal/service/amion/client.go:332.18,334.5 1 0
github.com/schedcu/reimplement/internal/service/amion/client.go:335.4,336.21 2 1
github.com/schedcu/reimplement/internal/service/amion/client.go:337.9,339.4 1 1
github.com/schedcu/reimplement/internal/service/amion/client.go:342.3,343.17 2 1
github.com/schedcu/reimplement/internal/service/amion/client.go:343.17,345.28 2 0
github.com/schedcu/reimplement/internal/service/amion/client.go:345.28,346.13 1 0
github.com/schedcu/reimplement/internal/service/amion/client.go:348.4,348.57 1 0
github.com/schedcu/reimplement/internal/service/amion/client.go:352.3,353.17 2 1
github.com/schedcu/reimplement/internal/service/amion/client.go:353.17,357.28 2 0
github.com/schedcu/reimplement/internal/service/amion/client.go:357.28,358.13 1 0
github.com/schedcu/reimplement/internal/service/amion/client.go:360.4,360.57 1 0
github.com/schedcu/reimplement/internal/service/amion/client.go:363.3,363.22 1 1
github.com/schedcu/reimplement/internal/service/amion/client.go:363.22,365.4 1 0
github.com/schedcu/reimplement/internal/service/amion/client.go:367.3,367.18 1 1
github.com/schedcu/reimplement/internal/service/amion/client.go:371.2,376.3 1 0
github.com/schedcu/reimplement/internal/service/amion/client.go:380.39,381.16 1 1
github.com/schedcu/reimplement/internal/service/amion/client.go:381.16,383.3 1 0
github.com/schedcu/reimplement/internal/service/amion/client.go:386.2,386.46 1 1
github.com/schedcu/reimplement/internal/service/amion/client.go:386.46,388.3 1 1
github.com/schedcu/reimplement/internal/service/amion/client.go:391.2,391.46 1 1
github.com/schedcu/reimplement/internal/service/amion/client.go:391.46,393.3 1 0
github.com/schedcu/reimplement/internal/service/amion/client.go:396.2,396.57 1 1
github.com/schedcu/reimplement/internal/service/amion/client.go:396.57,398.3 1 1
github.com/schedcu/reimplement/internal/service/amion/client.go:401.2,401.48 1 1
github.com/schedcu/reimplement/internal/service/amion/client.go:401.48,403.3 1 0
github.com/schedcu/reimplement/internal/service/amion/client.go:406.2,406.42 1 1
github.com/schedcu/reimplement/internal/service/amion/client.go:406.42,408.3 1 0
github.com/schedcu/reimplement/internal/service/amion/client.go:411.2,411.14 1 1
github.com/schedcu/reimplement/internal/service/amion/client.go:415.41,417.67 1 1
github.com/schedcu/reimplement/internal/service/amion/client.go:417.67,419.3 1 1
github.com/schedcu/reimplement/internal/service/amion/client.go:420.2,420.12 1 1
github.com/schedcu/reimplement/internal/service/amion/client.go:430.44,434.2 1 1
github.com/schedcu/reimplement/internal/service/amion/client.go:437.74,439.2 1 1
github.com/schedcu/reimplement/internal/service/amion/client.go:442.62,444.2 1 1
github.com/schedcu/reimplement/internal/service/amion/concurrency.go:81.54,83.2 1 1
github.com/schedcu/reimplement/internal/service/amion/concurrency.go:97.81,104.2 1 1
github.com/schedcu/reimplement/internal/service/amion/concurrency.go:129.47,132.14 2 1
github.com/schedcu/reimplement/internal/service/amion/concurrency.go:132.14,135.3 2 1
github.com/schedcu/reimplement/internal/service/amion/concurrency.go:137.2,137.16 1 1
github.com/schedcu/reimplement/internal/service/amion/concurrency.go:137.16,140.3 2 0
github.com/schedcu/reimplement/internal/service/amion/concurrency.go:143.2,143.29 1 1
github.com/schedcu/reimplement/internal/service/amion/concurrency.go:143.29,146.3 2 1
github.com/schedcu/reimplement/internal/service/amion/concurrency.go:148.2,151.9 2 1
github.com/schedcu/reimplement/internal/service/amion/concurrency.go:152.25,153.13 1 1
github.com/schedcu/reimplement/internal/service/amion/concurrency.go:154.10,155.22 1 1
github.com/schedcu/reimplement/internal/service/amion/concurrency.go:181.57,184.15 2 1
github.com/schedcu/reimplement/internal/service/amion/concurrency.go:184.15,189.3 3 1
github.com/schedcu/reimplement/internal/service/amion/concurrency.go:189.8,191.3 1 1
github.com/schedcu/reimplement/internal/service/amion/concurrency.go:195.2,196.12 2 1
github.com/schedcu/reimplement/internal/service/amion/concurrency.go:196.12,199.3 2 1
github.com/schedcu/reimplement/internal/service/amion/concurrency.go:202.2,202.9 1 1
github.com/schedcu/reimplement/internal/service/amion/concurrency.go:203.20,204.19 1 1
github.com/schedcu/reimplement/internal/service/amion/concurrency.go:205.21,206.13 1 1
github.com/schedcu/reimplement/internal/service/amion/concurrency.go:220.39,222.14 2 1
github.com/schedcu/reimplement/internal/service/amion/concurrency.go:222.14,225.3 2 1
github.com/schedcu/reimplement/internal/service/amion/concurrency.go:226.2,231.9 3 1
github.com/schedcu/reimplement/internal/service/amion/concurrency.go:231.9,232.16 1 1
github.com/schedcu/reimplement/internal/service/amion/concurrency.go:232.16,233.32 1 1
github.com/schedcu/reimplement/internal/service/amion/concurrency.go:233.33,235.5 0 0
github.com/schedcu/reimplement/internal/service/amion/concurrency.go:237.3,237.20 1 1
github.com/schedcu/reimplement/internal/service/amion/concurrency.go:241.2,243.12 2 1
github.com/schedcu/reimplement/internal/service/amion/concurrency.go:248.40,249.36 1 1
github.com/schedcu/reimplement/internal/service/amion/concurrency.go:249.36,252.3 2 1
github.com/schedcu/reimplement/internal/service/amion/concurrency.go:257.34,260.30 2 1
github.com/schedcu/reimplement/internal/service/amion/concurrency.go:260.30,269.3 4 1
github.com/schedcu/reimplement/internal/service/amion/concurrency.go:281.45,283.2 1 0
github.com/schedcu/reimplement/internal/service/amion/concurrency.go:302.54,307.2 3 0
github.com/schedcu/reimplement/internal/service/amion/concurrency.go:319.46,324.2 3 0
github.com/schedcu/reimplement/internal/service/amion/concurrency.go:333.47,338.2 3 0
github.com/schedcu/reimplement/internal/service/amion/concurrency.go:349.42,351.2 1 0
github.com/schedcu/reimplement/internal/service/amion/error_collector.go:35.37,37.2 1 1
github.com/schedcu/reimplement/internal/service/amion/error_collector.go:62.52,66.2 1 1
github.com/schedcu/reimplement/internal/service/amion/error_collector.go:76.93,86.2 3 1
github.com/schedcu/reimplement/internal/service/amion/error_collector.go:89.58,97.2 5 1
github.com/schedcu/reimplement/internal/service/amion/error_collector.go:100.50,105.2 3 1
github.com/schedcu/reimplement/internal/service/amion/error_collector.go:108.50,113.2 3 1
github.com/schedcu/reimplement/internal/service/amion/error_collector.go:116.41,121.2 3 1
github.com/schedcu/reimplement/internal/service/amion/error_collector.go:125.80,131.33 4 1
github.com/schedcu/reimplement/internal/service/amion/error_collector.go:131.33,133.3 1 1
github.com/schedcu/reimplement/internal/service/amion/error_collector.go:135.2,135.15 1 1
github.com/schedcu/reimplement/internal/service/amion/error_collector.go:141.83,148.33 4 1
github.com/schedcu/reimplement/internal/service/amion/error_collector.go:148.33,153.3 3 1
github.com/schedcu/reimplement/internal/service/amion/error_collector.go:156.2,160.33 3 1
github.com/schedcu/reimplement/internal/service/amion/error_collector.go:160.33,162.3 1 1
github.com/schedcu/reimplement/internal/service/amion/error_collector.go:163.2,166.44 2 1
github.com/schedcu/reimplement/internal/service/amion/error_collector.go:166.44,169.3 2 1
github.com/schedcu/reimplement/internal/service/amion/error_collector.go:171.2,171.15 1 1
github.com/schedcu/reimplement/internal/service/amion/error_collector.go:176.47,177.26 1 1
github.com/schedcu/reimplement/internal/service/amion/error_collector.go:177.26,180.3 1 1
github.com/schedcu/reimplement/internal/service/amion/error_collector.go:181.2,181.14 1 1
github.com/schedcu/reimplement/internal/service/amion/error_collector.go:181.14,184.3 1 1
github.com/schedcu/reimplement/internal/service/amion/error_collector.go:186.2,186.40 1 1
github.com/schedcu/reimplement/internal/service/amion/error_collector.go:191.76,192.17 1 1
github.com/schedcu/reimplement/internal/service/amion/error_collector.go:193.19,194.62 1 1
github.com/schedcu/reimplement/internal/service/amion/error_collector.go:195.20,196.63 1 1
github.com/schedcu/reimplement/internal/service/amion/error_collector.go:197.18,198.61 1 1
github.com/schedcu/reimplement/internal/service/amion/error_collector.go:199.19,200.50 1 1
github.com/schedcu/reimplement/internal/service/amion/error_collector.go:201.18,202.49 1 0
github.com/schedcu/reimplement/internal/service/amion/error_collector.go:203.21,204.52 1 1
github.com/schedcu/reimplement/internal/service/amion/error_collector.go:205.10,206.58 1 0
github.com/schedcu/reimplement/internal/service/amion/error_collector_examples.go:11.41,33.2 8 0
github.com/schedcu/reimplement/internal/service/amion/error_collector_examples.go:36.49,60.64 5 0
github.com/schedcu/reimplement/internal/service/amion/error_collector_examples.go:60.64,65.21 3 0
github.com/schedcu/reimplement/internal/service/amion/error_collector_examples.go:65.21,69.4 2 0
github.com/schedcu/reimplement/internal/service/amion/error_collector_examples.go:72.3,73.21 2 0
github.com/schedcu/reimplement/internal/service/amion/error_collector_examples.go:73.21,77.4 2 0
github.com/schedcu/reimplement/internal/service/amion/error_collector_examples.go:79.3,79.62 1 0
github.com/schedcu/reimplement/internal/service/amion/error_collector_examples.go:82.2,83.24 2 0
github.com/schedcu/reimplement/internal/service/amion/error_collector_examples.go:83.24,84.37 1 0
github.com/schedcu/reimplement/internal/service/amion/error_collector_examples.go:84.37,86.4 1 0
github.com/schedcu/reimplement/internal/service/amion/error_collector_examples.go:95.45,107.38 7 0
github.com/schedcu/reimplement/internal/service/amion/error_collector_examples.go:107.38,109.30 2 0
github.com/schedcu/reimplement/internal/service/amion/error_collector_examples.go:109.30,110.19 1 0
github.com/schedcu/reimplement/internal/service/amion/error_collector_examples.go:110.19,112.5 1 0
github.com/schedcu/reimplement/internal/service/amion/error_collector_examples.go:112.10,114.5 1 0
github.com/schedcu/reimplement/internal/service/amion/error_collector_examples.go:129.52,139.23 5 0
github.com/schedcu/reimplement/internal/service/amion/error_collector_examples.go:139.23,141.37 2 0
github.com/schedcu/reimplement/internal/service/amion/error_collector_examples.go:141.37,143.4 1 0
github.com/schedcu/reimplement/internal/service/amion/error_collector_examples.go:147.2,151.62 4 0
github.com/schedcu/reimplement/internal/service/amion/error_collector_examples.go:163.44,182.2 8 0
github.com/schedcu/reimplement/internal/service/amion/error_collector_examples.go:185.47,195.29 6 0
github.com/schedcu/reimplement/internal/service/amion/error_collector_examples.go:195.29,198.3 1 0
github.com/schedcu/reimplement/internal/service/amion/rate_limiter.go:39.61,44.2 1 1
github.com/schedcu/reimplement/internal/service/amion/rate_limiter.go:57.31,64.30 5 1
github.com/schedcu/reimplement/internal/service/amion/rate_limiter.go:64.30,70.3 4 1
github.com/schedcu/reimplement/internal/service/amion/rate_limiter.go:73.2,73.33 1 1
github.com/schedcu/reimplement/internal/service/amion/rate_limiter.go:86.32,91.2 3 1
github.com/schedcu/reimplement/internal/service/amion/scraper.go:72.131,79.2 1 1
github.com/schedcu/reimplement/internal/service/amion/scraper.go:102.100,105.2 2 1
github.com/schedcu/reimplement/internal/service/amion/scraper.go:118.132,119.20 1 1
github.com/schedcu/reimplement/internal/service/amion/scraper.go:119.20,121.3 1 1
github.com/schedcu/reimplement/internal/service/amion/scraper.go:123.2,142.37 8 1
github.com/schedcu/reimplement/internal/service/amion/scraper.go:142.37,145.26 3 1
github.com/schedcu/reimplement/internal/service/amion/scraper.go:145.26,149.18 3 0
github.com/schedcu/reimplement/internal/service/amion/scraper.go:149.18,156.5 1 0
github.com/schedcu/reimplement/internal/service/amion/scraper.go:161.2,162.16 2 1
github.com/schedcu/reimplement/internal/service/amion/scraper.go:162.16,164.3 1 1
github.com/schedcu/reimplement/internal/service/amion/scraper.go:167.2,171.33 4 1
github.com/schedcu/reimplement/internal/service/amion/scraper.go:171.33,173.3 1 1
github.com/schedcu/reimplement/internal/service/amion/scraper.go:175.2,175.38 1 1
github.com/schedcu/reimplement/internal/service/amion/scraper.go:175.38,178.3 2 1
github.com/schedcu/reimplement/internal/service/amion/scraper.go:180.2,180.37 1 1
github.com/schedcu/reimplement/internal/service/amion/scraper.go:180.37,182.3 1 1
github.com/schedcu/reimplement/internal/service/amion/scraper.go:185.2,187.21 2 1
github.com/schedcu/reimplement/internal/service/amion/scraper.go:205.90,211.34 4 1
github.com/schedcu/reimplement/internal/service/amion/scraper.go:211.34,215.29 2 1
github.com/schedcu/reimplement/internal/service/amion/scraper.go:215.29,222.4 3 1
github.com/schedcu/reimplement/internal/service/amion/scraper.go:225.3,225.45 1 1
github.com/schedcu/reimplement/internal/service/amion/scraper.go:228.2,228.13 1 1
github.com/schedcu/reimplement/internal/service/amion/scraper.go:240.7,241.41 1 1
github.com/schedcu/reimplement/internal/service/amion/scraper.go:241.41,247.17 3 1
github.com/schedcu/reimplement/internal/service/amion/scraper.go:247.17,249.22 2 1
github.com/schedcu/reimplement/internal/service/amion/scraper.go:250.20,251.23 1 1
github.com/schedcu/reimplement/internal/service/amion/scraper.go:252.23,253.26 1 0
github.com/schedcu/reimplement/internal/service/amion/scraper.go:254.21,255.24 1 0
github.com/schedcu/reimplement/internal/service/amion/scraper.go:256.21,257.24 1 0
github.com/schedcu/reimplement/internal/service/amion/scraper.go:260.4,266.14 2 1
github.com/schedcu/reimplement/internal/service/amion/scraper.go:270.3,276.49 4 1
github.com/schedcu/reimplement/internal/service/amion/scraper.go:276.49,278.51 1 1
github.com/schedcu/reimplement/internal/service/amion/scraper.go:278.51,279.13 1 0
github.com/schedcu/reimplement/internal/service/amion/scraper.go:283.4,286.28 3 1
github.com/schedcu/reimplement/internal/service/amion/scraper.go:286.28,288.5 1 1
github.com/schedcu/reimplement/internal/service/amion/scraper.go:288.10,291.5 2 1
github.com/schedcu/reimplement/internal/service/amion/scraper.go:292.4,292.22 1 1
github.com/schedcu/reimplement/internal/service/amion/scraper.go:296.3,296.64 1 1
github.com/schedcu/reimplement/internal/service/amion/scraper.go:296.64,298.4 1 1
github.com/schedcu/reimplement/internal/service/amion/scraper.go:298.9,301.4 1 0
github.com/schedcu/reimplement/internal/service/amion/scraper.go:303.3,305.13 2 1
github.com/schedcu/reimplement/internal/service/amion/scraper.go:311.46,313.2 1 1
github.com/schedcu/reimplement/internal/service/amion/scraper.go:317.60,322.2 1 0
github.com/schedcu/reimplement/internal/service/amion/scraper.go:325.43,327.2 1 1
github.com/schedcu/reimplement/internal/service/amion/scraper.go:330.43,332.2 1 1
github.com/schedcu/reimplement/internal/service/amion/scraper.go:335.45,337.2 1 1
github.com/schedcu/reimplement/internal/service/amion/scraper.go:340.44,342.2 1 1
github.com/schedcu/reimplement/internal/service/amion/scraper.go:345.51,346.21 1 1
github.com/schedcu/reimplement/internal/service/amion/scraper.go:346.21,348.3 1 0
github.com/schedcu/reimplement/internal/service/amion/scraper.go:350.2,351.32 2 1
github.com/schedcu/reimplement/internal/service/amion/scraper.go:351.32,353.3 1 1
github.com/schedcu/reimplement/internal/service/amion/scraper.go:354.2,354.15 1 1
github.com/schedcu/reimplement/internal/service/amion/scraper.go:358.53,359.27 1 1
github.com/schedcu/reimplement/internal/service/amion/scraper.go:359.27,361.3 1 0
github.com/schedcu/reimplement/internal/service/amion/scraper.go:363.2,364.35 2 1
github.com/schedcu/reimplement/internal/service/amion/scraper.go:364.35,366.3 1 1
github.com/schedcu/reimplement/internal/service/amion/scraper.go:367.2,367.15 1 1
github.com/schedcu/reimplement/internal/service/amion/scraper_example.go:28.35,30.2 0 0
github.com/schedcu/reimplement/internal/service/amion/scraper_example.go:74.47,76.2 0 0
github.com/schedcu/reimplement/internal/service/amion/scraper_example.go:104.47,106.2 0 0
github.com/schedcu/reimplement/internal/service/amion/scraper_example.go:143.48,145.2 0 0
github.com/schedcu/reimplement/internal/service/amion/scraper_example.go:186.49,188.2 0 0
github.com/schedcu/reimplement/internal/service/amion/scraper_example.go:220.53,222.2 0 0
github.com/schedcu/reimplement/internal/service/amion/scraper_example.go:281.42,283.2 0 0
github.com/schedcu/reimplement/internal/service/amion/selectors.go:44.41,56.2 1 1
github.com/schedcu/reimplement/internal/service/amion/selectors.go:61.61,63.2 1 1
github.com/schedcu/reimplement/internal/service/amion/selectors.go:67.95,76.74 3 1
github.com/schedcu/reimplement/internal/service/amion/selectors.go:76.74,80.34 2 1
github.com/schedcu/reimplement/internal/service/amion/selectors.go:80.34,82.4 1 0
github.com/schedcu/reimplement/internal/service/amion/selectors.go:85.3,86.17 2 1
github.com/schedcu/reimplement/internal/service/amion/selectors.go:86.17,88.4 1 1
github.com/schedcu/reimplement/internal/service/amion/selectors.go:90.3,91.19 2 1
github.com/schedcu/reimplement/internal/service/amion/selectors.go:91.19,93.4 1 1
github.com/schedcu/reimplement/internal/service/amion/selectors.go:96.2,96.15 1 1
github.com/schedcu/reimplement/internal/service/amion/selectors.go:102.86,111.41 3 1
github.com/schedcu/reimplement/internal/service/amion/selectors.go:111.41,113.46 1 1
github.com/schedcu/reimplement/internal/service/amion/selectors.go:113.46,115.4 1 1
github.com/schedcu/reimplement/internal/service/amion/selectors.go:118.2,118.17 1 1
github.com/schedcu/reimplement/internal/service/amion/selectors.go:124.126,134.20 4 1
github.com/schedcu/reimplement/internal/service/amion/selectors.go:134.20,142.3 2 1
github.com/schedcu/reimplement/internal/service/amion/selectors.go:142.8,144.3 1 1
github.com/schedcu/reimplement/internal/service/amion/selectors.go:145.2,149.25 3 1
github.com/schedcu/reimplement/internal/service/amion/selectors.go:149.25,157.3 2 1
github.com/schedcu/reimplement/internal/service/amion/selectors.go:157.8,159.3 1 1
github.com/schedcu/reimplement/internal/service/amion/selectors.go:160.2,164.25 3 1
github.com/schedcu/reimplement/internal/service/amion/selectors.go:164.25,172.3 2 1
github.com/schedcu/reimplement/internal/service/amion/selectors.go:172.8,174.3 1 1
github.com/schedcu/reimplement/internal/service/amion/selectors.go:175.2,179.23 3 1
github.com/schedcu/reimplement/internal/service/amion/selectors.go:179.23,187.3 2 1
github.com/schedcu/reimplement/internal/service/amion/selectors.go:187.8,189.3 1 1
github.com/schedcu/reimplement/internal/service/amion/selectors.go:190.2,199.24 6 1
github.com/schedcu/reimplement/internal/service/amion/selectors.go:199.24,202.62 1 1
github.com/schedcu/reimplement/internal/service/amion/selectors.go:202.62,204.4 1 1
github.com/schedcu/reimplement/internal/service/amion/selectors.go:204.9,211.4 1 1
github.com/schedcu/reimplement/internal/service/amion/selectors.go:213.2,216.23 2 1
github.com/schedcu/reimplement/internal/service/amion/selectors.go:216.23,218.3 1 1
github.com/schedcu/reimplement/internal/service/amion/selectors.go:220.2,220.14 1 1
github.com/schedcu/reimplement/internal/service/amion/selectors.go:224.42,226.13 1 1
github.com/schedcu/reimplement/internal/service/amion/selectors.go:226.13,228.3 1 0
github.com/schedcu/reimplement/internal/service/amion/selectors.go:231.2,233.16 3 1
github.com/schedcu/reimplement/internal/service/amion/selectors.go:233.16,235.3 1 1
github.com/schedcu/reimplement/internal/service/amion/selectors.go:237.2,237.20 1 1
github.com/schedcu/reimplement/internal/service/amion/selectors.go:241.46,243.2 1 1
github.com/schedcu/reimplement/internal/service/amion/selectors.go:246.46,248.2 1 1
github.com/schedcu/reimplement/internal/service/amion/selectors.go:251.46,253.2 1 1
github.com/schedcu/reimplement/internal/service/amion/selectors.go:256.54,258.32 2 1
github.com/schedcu/reimplement/internal/service/amion/selectors.go:258.32,261.57 1 1
github.com/schedcu/reimplement/internal/service/amion/selectors.go:261.57,263.4 1 1
github.com/schedcu/reimplement/internal/service/amion/selectors.go:265.2,265.14 1 1
github.com/schedcu/reimplement/internal/service/amion/selectors.go:269.54,270.21 1 1
github.com/schedcu/reimplement/internal/service/amion/selectors.go:270.21,272.3 1 0
github.com/schedcu/reimplement/internal/service/amion/selectors.go:274.2,275.32 2 1
github.com/schedcu/reimplement/internal/service/amion/selectors.go:275.32,279.3 2 1
github.com/schedcu/reimplement/internal/service/amion/selectors.go:281.2,281.34 1 1
