mode: set
github.com/schedcu/v2/internal/validation/validation.go:32.26,36.2 1 1
github.com/schedcu/v2/internal/validation/validation.go:39.54,41.2 1 1
github.com/schedcu/v2/internal/validation/validation.go:44.97,46.2 1 1
github.com/schedcu/v2/internal/validation/validation.go:49.56,51.2 1 1
github.com/schedcu/v2/internal/validation/validation.go:54.99,56.2 1 0
github.com/schedcu/v2/internal/validation/validation.go:59.53,61.2 1 1
github.com/schedcu/v2/internal/validation/validation.go:64.100,72.2 2 1
github.com/schedcu/v2/internal/validation/validation.go:75.59,78.2 2 0
github.com/schedcu/v2/internal/validation/validation.go:81.33,82.33 1 1
github.com/schedcu/v2/internal/validation/validation.go:82.33,83.36 1 1
github.com/schedcu/v2/internal/validation/validation.go:83.36,85.4 1 1
github.com/schedcu/v2/internal/validation/validation.go:87.2,87.13 1 1
github.com/schedcu/v2/internal/validation/validation.go:91.35,93.2 1 1
github.com/schedcu/v2/internal/validation/validation.go:96.36,97.33 1 1
github.com/schedcu/v2/internal/validation/validation.go:97.33,98.71 1 1
github.com/schedcu/v2/internal/validation/validation.go:98.71,100.4 1 1
github.com/schedcu/v2/internal/validation/validation.go:102.2,102.13 1 1
github.com/schedcu/v2/internal/validation/validation.go:106.35,108.33 2 1
github.com/schedcu/v2/internal/validation/validation.go:108.33,109.36 1 1
github.com/schedcu/v2/internal/validation/validation.go:109.36,111.4 1 1
github.com/schedcu/v2/internal/validation/validation.go:113.2,113.14 1 1
github.com/schedcu/v2/internal/validation/validation.go:117.37,119.33 2 1
github.com/schedcu/v2/internal/validation/validation.go:119.33,120.38 1 1
github.com/schedcu/v2/internal/validation/validation.go:120.38,122.4 1 1
github.com/schedcu/v2/internal/validation/validation.go:124.2,124.14 1 1
github.com/schedcu/v2/internal/validation/validation.go:128.34,130.33 2 1
github.com/schedcu/v2/internal/validation/validation.go:130.33,131.35 1 1
github.com/schedcu/v2/internal/validation/validation.go:131.35,133.4 1 1
github.com/schedcu/v2/internal/validation/validation.go:135.2,135.14 1 1
github.com/schedcu/v2/internal/validation/validation.go:139.35,141.2 1 1
github.com/schedcu/v2/internal/validation/validation.go:144.37,146.2 1 1
github.com/schedcu/v2/internal/validation/validation.go:149.56,151.33 2 1
github.com/schedcu/v2/internal/validation/validation.go:151.33,152.23 1 1
github.com/schedcu/v2/internal/validation/validation.go:152.23,154.4 1 1
github.com/schedcu/v2/internal/validation/validation.go:156.2,156.15 1 1
github.com/schedcu/v2/internal/validation/validation.go:160.66,162.33 2 1
github.com/schedcu/v2/internal/validation/validation.go:162.33,163.31 1 1
github.com/schedcu/v2/internal/validation/validation.go:163.31,165.4 1 1
github.com/schedcu/v2/internal/validation/validation.go:167.2,167.15 1 1
github.com/schedcu/v2/internal/validation/validation.go:171.43,173.16 2 1
github.com/schedcu/v2/internal/validation/validation.go:173.16,175.3 1 0
github.com/schedcu/v2/internal/validation/validation.go:176.2,176.26 1 1
github.com/schedcu/v2/internal/validation/validation.go:180.48,183.16 3 1
github.com/schedcu/v2/internal/validation/validation.go:183.16,185.3 1 0
github.com/schedcu/v2/internal/validation/validation.go:186.2,186.16 1 1
github.com/schedcu/v2/internal/validation/validation.go:190.35,191.26 1 1
github.com/schedcu/v2/internal/validation/validation.go:191.26,193.3 1 0
github.com/schedcu/v2/internal/validation/validation.go:195.2,202.20 5 1
github.com/schedcu/v2/internal/validation/validation.go:202.20,204.59 2 1
github.com/schedcu/v2/internal/validation/validation.go:204.59,206.4 1 1
github.com/schedcu/v2/internal/validation/validation.go:209.2,209.22 1 1
github.com/schedcu/v2/internal/validation/validation.go:209.22,211.61 2 1
github.com/schedcu/v2/internal/validation/validation.go:211.61,213.4 1 1
github.com/schedcu/v2/internal/validation/validation.go:216.2,216.16 1 1
github.com/schedcu/v2/internal/repository/memory/schedule.go:21.50,25.2 1 1
github.com/schedcu/v2/internal/repository/memory/schedule.go:28.99,34.21 4 1
github.com/schedcu/v2/internal/repository/memory/schedule.go:34.21,36.3 1 0
github.com/schedcu/v2/internal/repository/memory/schedule.go:38.2,39.12 2 1
github.com/schedcu/v2/internal/repository/memory/schedule.go:43.107,50.13 5 1
github.com/schedcu/v2/internal/repository/memory/schedule.go:50.13,52.3 1 1
github.com/schedcu/v2/internal/repository/memory/schedule.go:54.2,54.26 1 1
github.com/schedcu/v2/internal/repository/memory/schedule.go:54.26,56.3 1 1
github.com/schedcu/v2/internal/repository/memory/schedule.go:58.2,58.22 1 1
github.com/schedcu/v2/internal/repository/memory/schedule.go:62.124,69.39 5 1
github.com/schedcu/v2/internal/repository/memory/schedule.go:69.39,70.65 1 1
github.com/schedcu/v2/internal/repository/memory/schedule.go:70.65,72.4 1 1
github.com/schedcu/v2/internal/repository/memory/schedule.go:75.2,75.20 1 1
github.com/schedcu/v2/internal/repository/memory/schedule.go:79.99,85.21 4 1
github.com/schedcu/v2/internal/repository/memory/schedule.go:85.21,87.3 1 0
github.com/schedcu/v2/internal/repository/memory/schedule.go:89.2,90.13 2 1
github.com/schedcu/v2/internal/repository/memory/schedule.go:90.13,92.3 1 0
github.com/schedcu/v2/internal/repository/memory/schedule.go:94.2,97.12 3 1
github.com/schedcu/v2/internal/repository/memory/schedule.go:101.107,108.13 5 1
github.com/schedcu/v2/internal/repository/memory/schedule.go:108.13,110.3 1 0
github.com/schedcu/v2/internal/repository/memory/schedule.go:112.2,115.12 3 1
github.com/schedcu/v2/internal/repository/memory/schedule.go:121.124,130.2 4 0
github.com/schedcu/v2/internal/repository/memory/schedule.go:135.103,141.18 4 0
github.com/schedcu/v2/internal/repository/memory/schedule.go:141.18,143.3 1 0
github.com/schedcu/v2/internal/repository/memory/schedule.go:146.2,146.12 1 0
github.com/schedcu/v2/internal/repository/memory/schedule.go:150.72,157.39 5 1
github.com/schedcu/v2/internal/repository/memory/schedule.go:157.39,158.28 1 1
github.com/schedcu/v2/internal/repository/memory/schedule.go:158.28,160.4 1 1
github.com/schedcu/v2/internal/repository/memory/schedule.go:163.2,163.19 1 1
github.com/schedcu/v2/internal/repository/memory/schedule.go:167.47,171.2 3 1
github.com/schedcu/v2/internal/repository/memory/schedule.go:174.38,179.2 4 1
github.com/schedcu/v2/internal/entity/entities.go:26.22,28.2 1 0
github.com/schedcu/v2/internal/entity/entities.go:30.26,33.2 2 0
github.com/schedcu/v2/internal/entity/entities.go:216.35,218.2 1 1
github.com/schedcu/v2/internal/entity/entities.go:221.39,223.2 1 1
github.com/schedcu/v2/internal/entity/entities.go:226.40,228.2 1 1
github.com/schedcu/v2/internal/entity/entities.go:231.45,233.2 1 1
github.com/schedcu/v2/internal/entity/entities.go:236.50,239.2 2 1
github.com/schedcu/v2/internal/entity/entities.go:242.54,246.2 3 1
github.com/schedcu/v2/internal/entity/entities.go:249.55,253.2 3 1
github.com/schedcu/v2/internal/entity/entities.go:256.60,260.2 3 0
github.com/schedcu/v2/internal/entity/entities.go:263.58,267.2 3 1
github.com/schedcu/v2/internal/entity/entities.go:270.73,275.2 4 1
github.com/schedcu/v2/internal/entity/entities.go:278.51,283.2 4 1
github.com/schedcu/v2/internal/entity/entities.go:286.64,287.39 1 1
github.com/schedcu/v2/internal/entity/entities.go:287.39,289.3 1 1
github.com/schedcu/v2/internal/entity/entities.go:290.2,293.12 4 1
github.com/schedcu/v2/internal/entity/entities.go:297.64,298.42 1 1
github.com/schedcu/v2/internal/entity/entities.go:298.42,300.3 1 1
github.com/schedcu/v2/internal/entity/entities.go:301.2,304.12 4 1
github.com/schedcu/v2/internal/entity/errors.go:16.48,20.2 1 1
github.com/schedcu/v2/internal/entity/errors.go:23.44,27.2 1 1
github.com/schedcu/v2/internal/entity/errors.go:30.47,34.2 1 1
github.com/schedcu/v2/internal/entity/errors.go:37.47,43.2 1 1
github.com/schedcu/v2/internal/entity/schedule.go:40.103,53.2 2 1
github.com/schedcu/v2/internal/entity/schedule.go:57.58,58.23 1 1
github.com/schedcu/v2/internal/entity/schedule.go:58.23,60.3 1 1
github.com/schedcu/v2/internal/entity/schedule.go:64.37,66.2 1 1
github.com/schedcu/v2/internal/entity/schedule.go:69.52,73.2 3 1
github.com/schedcu/v2/internal/entity/schedule.go:76.60,77.31 1 1
github.com/schedcu/v2/internal/entity/schedule.go:77.31,79.3 1 1
github.com/schedcu/v2/internal/entity/schedule.go:80.2,80.12 1 1
github.com/schedcu/v2/internal/entity/schedule.go:84.46,92.2 1 0
github.com/schedcu/v2/internal/entity/schedule.go:95.65,103.2 1 0
github.com/schedcu/v2/internal/entity/schedule.go:106.67,114.2 1 0
github.com/schedcu/v2/internal/entity/schedule.go:117.71,118.23 1 0
github.com/schedcu/v2/internal/entity/schedule.go:118.23,120.3 1 0
github.com/schedcu/v2/internal/entity/schedule.go:121.2,121.25 1 0
github.com/schedcu/v2/cmd/server/main.go:16.13,19.16 2 0
github.com/schedcu/v2/cmd/server/main.go:19.16,21.3 1 0
github.com/schedcu/v2/cmd/server/main.go:26.2,39.21 6 0
github.com/schedcu/v2/cmd/server/main.go:39.21,41.3 1 0
github.com/schedcu/v2/cmd/server/main.go:42.2,44.16 3 0
github.com/schedcu/v2/cmd/server/main.go:44.16,46.3 1 0
github.com/schedcu/v2/cmd/server/main.go:49.2,60.12 3 0
github.com/schedcu/v2/cmd/server/main.go:60.12,62.75 2 0
github.com/schedcu/v2/cmd/server/main.go:62.75,64.4 1 0
github.com/schedcu/v2/cmd/server/main.go:69.2,69.9 1 0
github.com/schedcu/v2/cmd/server/main.go:70.36,75.43 4 0
github.com/schedcu/v2/cmd/server/main.go:75.43,77.4 1 0
github.com/schedcu/v2/cmd/server/main.go:78.3,78.18 1 0
github.com/schedcu/v2/internal/job/handlers.go:28.16,35.2 1 0
github.com/schedcu/v2/internal/job/handlers.go:38.61,42.2 3 0
github.com/schedcu/v2/internal/job/handlers.go:45.81,48.62 2 0
github.com/schedcu/v2/internal/job/handlers.go:48.62,50.3 1 0
github.com/schedcu/v2/internal/job/handlers.go:52.2,56.16 3 0
github.com/schedcu/v2/internal/job/handlers.go:56.16,59.3 2 0
github.com/schedcu/v2/internal/job/handlers.go:67.2,69.12 2 0
github.com/schedcu/v2/internal/job/handlers.go:73.83,76.62 2 0
github.com/schedcu/v2/internal/job/handlers.go:76.62,78.3 1 0
github.com/schedcu/v2/internal/job/handlers.go:80.2,84.16 3 0
github.com/schedcu/v2/internal/job/handlers.go:84.16,87.3 2 0
github.com/schedcu/v2/internal/job/handlers.go:91.2,100.16 3 0
github.com/schedcu/v2/internal/job/handlers.go:100.16,103.3 2 0
github.com/schedcu/v2/internal/job/handlers.go:105.2,105.44 1 0
github.com/schedcu/v2/internal/job/handlers.go:105.44,108.3 2 0
github.com/schedcu/v2/internal/job/handlers.go:110.2,113.12 2 0
github.com/schedcu/v2/internal/job/handlers.go:117.91,120.62 2 0
github.com/schedcu/v2/internal/job/handlers.go:120.62,122.3 1 0
github.com/schedcu/v2/internal/job/handlers.go:124.2,135.16 3 0
github.com/schedcu/v2/internal/job/handlers.go:135.16,138.3 2 0
github.com/schedcu/v2/internal/job/handlers.go:140.2,143.12 2 0
github.com/schedcu/v2/internal/job/scheduler.go:19.63,24.38 2 0
github.com/schedcu/v2/internal/job/scheduler.go:24.38,26.3 1 0
github.com/schedcu/v2/internal/job/scheduler.go:28.2,28.43 1 0
github.com/schedcu/v2/internal/job/scheduler.go:53.28,63.16 3 0
github.com/schedcu/v2/internal/job/scheduler.go:63.16,65.3 1 0
github.com/schedcu/v2/internal/job/scheduler.go:67.2,70.16 3 0
github.com/schedcu/v2/internal/job/scheduler.go:70.16,72.3 1 0
github.com/schedcu/v2/internal/job/scheduler.go:74.2,74.18 1 0
github.com/schedcu/v2/internal/job/scheduler.go:94.28,105.16 3 0
github.com/schedcu/v2/internal/job/scheduler.go:105.16,107.3 1 0
github.com/schedcu/v2/internal/job/scheduler.go:109.2,114.29 3 0
github.com/schedcu/v2/internal/job/scheduler.go:114.29,116.3 1 0
github.com/schedcu/v2/internal/job/scheduler.go:118.2,124.16 2 0
github.com/schedcu/v2/internal/job/scheduler.go:124.16,126.3 1 0
github.com/schedcu/v2/internal/job/scheduler.go:128.2,128.18 1 0
github.com/schedcu/v2/internal/job/scheduler.go:145.28,155.16 3 0
github.com/schedcu/v2/internal/job/scheduler.go:155.16,157.3 1 0
github.com/schedcu/v2/internal/job/scheduler.go:159.2,167.16 3 0
github.com/schedcu/v2/internal/job/scheduler.go:167.16,169.3 1 0
github.com/schedcu/v2/internal/job/scheduler.go:171.2,171.18 1 0
github.com/schedcu/v2/internal/job/scheduler.go:175.38,177.2 1 0
github.com/schedcu/v2/internal/job/scheduler.go:180.97,186.2 3 0
github.com/schedcu/v2/internal/api/handlers.go:37.64,40.37 2 0
github.com/schedcu/v2/internal/api/handlers.go:40.37,42.3 1 0
github.com/schedcu/v2/internal/api/handlers.go:45.2,63.16 6 0
github.com/schedcu/v2/internal/api/handlers.go:63.16,65.3 1 0
github.com/schedcu/v2/internal/api/handlers.go:67.2,75.58 2 0
github.com/schedcu/v2/internal/api/handlers.go:79.61,84.16 4 0
github.com/schedcu/v2/internal/api/handlers.go:84.16,86.3 1 0
github.com/schedcu/v2/internal/api/handlers.go:88.2,88.56 1 0
github.com/schedcu/v2/internal/api/handlers.go:92.63,94.22 2 0
github.com/schedcu/v2/internal/api/handlers.go:94.22,96.3 1 0
github.com/schedcu/v2/internal/api/handlers.go:98.2,101.16 3 0
github.com/schedcu/v2/internal/api/handlers.go:101.16,103.3 1 0
github.com/schedcu/v2/internal/api/handlers.go:105.2,105.57 1 0
github.com/schedcu/v2/internal/api/handlers.go:109.65,117.119 4 0
github.com/schedcu/v2/internal/api/handlers.go:117.119,119.3 1 0
github.com/schedcu/v2/internal/api/handlers.go:121.2,123.56 2 0
github.com/schedcu/v2/internal/api/handlers.go:127.65,134.103 4 0
github.com/schedcu/v2/internal/api/handlers.go:134.103,136.3 1 0
github.com/schedcu/v2/internal/api/handlers.go:138.2,140.56 2 0
github.com/schedcu/v2/internal/api/handlers.go:150.57,153.37 2 0
github.com/schedcu/v2/internal/api/handlers.go:153.37,155.3 1 0
github.com/schedcu/v2/internal/api/handlers.go:157.2,161.16 3 0
github.com/schedcu/v2/internal/api/handlers.go:161.16,163.3 1 0
github.com/schedcu/v2/internal/api/handlers.go:166.2,170.16 3 0
github.com/schedcu/v2/internal/api/handlers.go:170.16,172.3 1 0
github.com/schedcu/v2/internal/api/handlers.go:174.2,177.5 1 0
github.com/schedcu/v2/internal/api/handlers.go:188.59,191.37 2 0
github.com/schedcu/v2/internal/api/handlers.go:191.37,193.3 1 0
github.com/schedcu/v2/internal/api/handlers.go:195.2,199.16 3 0
github.com/schedcu/v2/internal/api/handlers.go:199.16,201.3 1 0
github.com/schedcu/v2/internal/api/handlers.go:204.2,208.16 3 0
github.com/schedcu/v2/internal/api/handlers.go:208.16,210.3 1 0
github.com/schedcu/v2/internal/api/handlers.go:212.2,215.5 1 0
github.com/schedcu/v2/internal/api/handlers.go:229.60,232.37 2 0
github.com/schedcu/v2/internal/api/handlers.go:232.37,234.3 1 0
github.com/schedcu/v2/internal/api/handlers.go:244.2,244.111 1 0
github.com/schedcu/v2/internal/api/handlers.go:248.55,258.2 2 0
github.com/schedcu/v2/internal/api/handlers.go:261.62,271.2 2 0
github.com/schedcu/v2/internal/api/handlers.go:281.60,284.37 2 0
github.com/schedcu/v2/internal/api/handlers.go:284.37,286.3 1 0
github.com/schedcu/v2/internal/api/handlers.go:288.2,297.16 6 0
github.com/schedcu/v2/internal/api/handlers.go:297.16,299.3 1 0
github.com/schedcu/v2/internal/api/handlers.go:301.2,304.5 1 0
github.com/schedcu/v2/internal/api/handlers.go:308.49,312.2 1 0
github.com/schedcu/v2/internal/api/handlers.go:315.51,320.2 1 0
github.com/schedcu/v2/internal/api/handlers.go:323.54,328.2 1 0
github.com/schedcu/v2/internal/api/response.go:31.53,40.2 1 0
github.com/schedcu/v2/internal/api/response.go:43.63,54.2 1 0
github.com/schedcu/v2/internal/api/response.go:57.65,65.2 1 0
github.com/schedcu/v2/internal/api/router.go:31.11,57.2 7 0
github.com/schedcu/v2/internal/api/router.go:60.35,87.2 17 0
github.com/schedcu/v2/internal/api/router.go:90.43,92.2 1 0
github.com/schedcu/v2/internal/api/router.go:95.35,97.2 1 0
github.com/schedcu/v2/internal/repository/repository.go:177.40,179.2 1 0
github.com/schedcu/v2/internal/repository/repository.go:182.33,185.2 2 0
github.com/schedcu/v2/internal/repository/repository.go:194.42,195.19 1 0
github.com/schedcu/v2/internal/repository/repository.go:195.19,197.3 1 0
github.com/schedcu/v2/internal/repository/repository.go:198.2,198.18 1 0
