mode: set
github.com/schedcu/v2/internal/entity/entities.go:26.22,28.2 1 0
github.com/schedcu/v2/internal/entity/entities.go:30.26,33.2 2 0
github.com/schedcu/v2/internal/entity/entities.go:216.35,218.2 1 1
github.com/schedcu/v2/internal/entity/entities.go:221.39,223.2 1 1
github.com/schedcu/v2/internal/entity/entities.go:226.40,228.2 1 1
github.com/schedcu/v2/internal/entity/entities.go:231.45,233.2 1 1
github.com/schedcu/v2/internal/entity/entities.go:236.50,239.2 2 1
github.com/schedcu/v2/internal/entity/entities.go:242.54,246.2 3 1
github.com/schedcu/v2/internal/entity/entities.go:249.55,253.2 3 1
github.com/schedcu/v2/internal/entity/entities.go:256.60,260.2 3 0
github.com/schedcu/v2/internal/entity/entities.go:263.58,267.2 3 1
github.com/schedcu/v2/internal/entity/entities.go:270.73,275.2 4 1
github.com/schedcu/v2/internal/entity/entities.go:278.51,283.2 4 1
github.com/schedcu/v2/internal/entity/entities.go:286.64,287.39 1 1
github.com/schedcu/v2/internal/entity/entities.go:287.39,289.3 1 1
github.com/schedcu/v2/internal/entity/entities.go:290.2,293.12 4 1
github.com/schedcu/v2/internal/entity/entities.go:297.64,298.42 1 1
github.com/schedcu/v2/internal/entity/entities.go:298.42,300.3 1 1
github.com/schedcu/v2/internal/entity/entities.go:301.2,304.12 4 1
github.com/schedcu/v2/internal/entity/errors.go:16.48,20.2 1 1
github.com/schedcu/v2/internal/entity/errors.go:23.44,27.2 1 1
github.com/schedcu/v2/internal/entity/errors.go:30.47,34.2 1 1
github.com/schedcu/v2/internal/entity/errors.go:37.47,43.2 1 1
github.com/schedcu/v2/internal/entity/schedule.go:40.103,53.2 2 1
github.com/schedcu/v2/internal/entity/schedule.go:57.58,58.23 1 1
github.com/schedcu/v2/internal/entity/schedule.go:58.23,60.3 1 1
github.com/schedcu/v2/internal/entity/schedule.go:64.37,66.2 1 1
github.com/schedcu/v2/internal/entity/schedule.go:69.52,73.2 3 1
github.com/schedcu/v2/internal/entity/schedule.go:76.60,77.31 1 1
github.com/schedcu/v2/internal/entity/schedule.go:77.31,79.3 1 1
github.com/schedcu/v2/internal/entity/schedule.go:80.2,80.12 1 1
github.com/schedcu/v2/internal/entity/schedule.go:84.46,92.2 1 0
github.com/schedcu/v2/internal/entity/schedule.go:95.65,103.2 1 0
github.com/schedcu/v2/internal/entity/schedule.go:106.67,114.2 1 0
github.com/schedcu/v2/internal/entity/schedule.go:117.71,118.23 1 0
github.com/schedcu/v2/internal/entity/schedule.go:118.23,120.3 1 0
github.com/schedcu/v2/internal/entity/schedule.go:121.2,121.25 1 0
github.com/schedcu/v2/internal/validation/validation.go:32.26,36.2 1 1
github.com/schedcu/v2/internal/validation/validation.go:39.54,41.2 1 1
github.com/schedcu/v2/internal/validation/validation.go:44.97,46.2 1 1
github.com/schedcu/v2/internal/validation/validation.go:49.56,51.2 1 1
github.com/schedcu/v2/internal/validation/validation.go:54.99,56.2 1 0
github.com/schedcu/v2/internal/validation/validation.go:59.53,61.2 1 1
github.com/schedcu/v2/internal/validation/validation.go:64.100,72.2 2 1
github.com/schedcu/v2/internal/validation/validation.go:75.59,78.2 2 0
github.com/schedcu/v2/internal/validation/validation.go:81.33,82.33 1 1
github.com/schedcu/v2/internal/validation/validation.go:82.33,83.36 1 1
github.com/schedcu/v2/internal/validation/validation.go:83.36,85.4 1 1
github.com/schedcu/v2/internal/validation/validation.go:87.2,87.13 1 1
github.com/schedcu/v2/internal/validation/validation.go:91.35,93.2 1 1
github.com/schedcu/v2/internal/validation/validation.go:96.36,97.33 1 1
github.com/schedcu/v2/internal/validation/validation.go:97.33,98.71 1 1
github.com/schedcu/v2/internal/validation/validation.go:98.71,100.4 1 1
github.com/schedcu/v2/internal/validation/validation.go:102.2,102.13 1 1
github.com/schedcu/v2/internal/validation/validation.go:106.35,108.33 2 1
github.com/schedcu/v2/internal/validation/validation.go:108.33,109.36 1 1
github.com/schedcu/v2/internal/validation/validation.go:109.36,111.4 1 1
github.com/schedcu/v2/internal/validation/validation.go:113.2,113.14 1 1
github.com/schedcu/v2/internal/validation/validation.go:117.37,119.33 2 1
github.com/schedcu/v2/internal/validation/validation.go:119.33,120.38 1 1
github.com/schedcu/v2/internal/validation/validation.go:120.38,122.4 1 1
github.com/schedcu/v2/internal/validation/validation.go:124.2,124.14 1 1
github.com/schedcu/v2/internal/validation/validation.go:128.34,130.33 2 1
github.com/schedcu/v2/internal/validation/validation.go:130.33,131.35 1 1
github.com/schedcu/v2/internal/validation/validation.go:131.35,133.4 1 1
github.com/schedcu/v2/internal/validation/validation.go:135.2,135.14 1 1
github.com/schedcu/v2/internal/validation/validation.go:139.35,141.2 1 1
github.com/schedcu/v2/internal/validation/validation.go:144.37,146.2 1 1
github.com/schedcu/v2/internal/validation/validation.go:149.56,151.33 2 1
github.com/schedcu/v2/internal/validation/validation.go:151.33,152.23 1 1
github.com/schedcu/v2/internal/validation/validation.go:152.23,154.4 1 1
github.com/schedcu/v2/internal/validation/validation.go:156.2,156.15 1 1
github.com/schedcu/v2/internal/validation/validation.go:160.66,162.33 2 1
github.com/schedcu/v2/internal/validation/validation.go:162.33,163.31 1 1
github.com/schedcu/v2/internal/validation/validation.go:163.31,165.4 1 1
github.com/schedcu/v2/internal/validation/validation.go:167.2,167.15 1 1
github.com/schedcu/v2/internal/validation/validation.go:171.43,173.16 2 1
github.com/schedcu/v2/internal/validation/validation.go:173.16,175.3 1 0
github.com/schedcu/v2/internal/validation/validation.go:176.2,176.26 1 1
github.com/schedcu/v2/internal/validation/validation.go:180.48,183.16 3 1
github.com/schedcu/v2/internal/validation/validation.go:183.16,185.3 1 0
github.com/schedcu/v2/internal/validation/validation.go:186.2,186.16 1 1
github.com/schedcu/v2/internal/validation/validation.go:190.35,191.26 1 1
github.com/schedcu/v2/internal/validation/validation.go:191.26,193.3 1 0
github.com/schedcu/v2/internal/validation/validation.go:195.2,202.20 5 1
github.com/schedcu/v2/internal/validation/validation.go:202.20,204.59 2 1
github.com/schedcu/v2/internal/validation/validation.go:204.59,206.4 1 1
github.com/schedcu/v2/internal/validation/validation.go:209.2,209.22 1 1
github.com/schedcu/v2/internal/validation/validation.go:209.22,211.61 2 1
github.com/schedcu/v2/internal/validation/validation.go:211.61,213.4 1 1
github.com/schedcu/v2/internal/validation/validation.go:216.2,216.16 1 1
github.com/schedcu/v2/internal/repository/postgres/assignment.go:21.64,23.2 1 1
github.com/schedcu/v2/internal/repository/postgres/assignment.go:26.107,44.16 4 1
github.com/schedcu/v2/internal/repository/postgres/assignment.go:44.16,45.30 1 1
github.com/schedcu/v2/internal/repository/postgres/assignment.go:45.30,47.4 1 1
github.com/schedcu/v2/internal/repository/postgres/assignment.go:48.3,48.19 1 1
github.com/schedcu/v2/internal/repository/postgres/assignment.go:48.19,50.4 1 1
github.com/schedcu/v2/internal/repository/postgres/assignment.go:53.2,53.12 1 1
github.com/schedcu/v2/internal/repository/postgres/assignment.go:57.97,58.31 1 1
github.com/schedcu/v2/internal/repository/postgres/assignment.go:58.31,60.3 1 1
github.com/schedcu/v2/internal/repository/postgres/assignment.go:62.2,78.16 3 1
github.com/schedcu/v2/internal/repository/postgres/assignment.go:78.16,80.3 1 0
github.com/schedcu/v2/internal/repository/postgres/assignment.go:82.2,82.12 1 1
github.com/schedcu/v2/internal/repository/postgres/assignment.go:86.103,98.26 4 1
github.com/schedcu/v2/internal/repository/postgres/assignment.go:98.26,103.3 1 1
github.com/schedcu/v2/internal/repository/postgres/assignment.go:104.2,104.16 1 1
github.com/schedcu/v2/internal/repository/postgres/assignment.go:104.16,106.3 1 0
github.com/schedcu/v2/internal/repository/postgres/assignment.go:108.2,108.24 1 1
github.com/schedcu/v2/internal/repository/postgres/assignment.go:112.129,122.16 3 0
github.com/schedcu/v2/internal/repository/postgres/assignment.go:122.16,124.3 1 0
github.com/schedcu/v2/internal/repository/postgres/assignment.go:125.2,128.18 3 0
github.com/schedcu/v2/internal/repository/postgres/assignment.go:128.18,130.58 2 0
github.com/schedcu/v2/internal/repository/postgres/assignment.go:130.58,132.4 1 0
github.com/schedcu/v2/internal/repository/postgres/assignment.go:133.3,133.48 1 0
github.com/schedcu/v2/internal/repository/postgres/assignment.go:136.2,136.34 1 0
github.com/schedcu/v2/internal/repository/postgres/assignment.go:136.34,138.3 1 0
github.com/schedcu/v2/internal/repository/postgres/assignment.go:140.2,140.25 1 0
github.com/schedcu/v2/internal/repository/postgres/assignment.go:144.115,154.16 3 0
github.com/schedcu/v2/internal/repository/postgres/assignment.go:154.16,156.3 1 0
github.com/schedcu/v2/internal/repository/postgres/assignment.go:157.2,160.18 3 0
github.com/schedcu/v2/internal/repository/postgres/assignment.go:160.18,162.58 2 0
github.com/schedcu/v2/internal/repository/postgres/assignment.go:162.58,164.4 1 0
github.com/schedcu/v2/internal/repository/postgres/assignment.go:165.3,165.48 1 0
github.com/schedcu/v2/internal/repository/postgres/assignment.go:168.2,168.34 1 0
github.com/schedcu/v2/internal/repository/postgres/assignment.go:168.34,170.3 1 0
github.com/schedcu/v2/internal/repository/postgres/assignment.go:172.2,172.25 1 0
github.com/schedcu/v2/internal/repository/postgres/assignment.go:176.159,186.16 3 0
github.com/schedcu/v2/internal/repository/postgres/assignment.go:186.16,188.3 1 0
github.com/schedcu/v2/internal/repository/postgres/assignment.go:189.2,192.18 3 0
github.com/schedcu/v2/internal/repository/postgres/assignment.go:192.18,194.58 2 0
github.com/schedcu/v2/internal/repository/postgres/assignment.go:194.58,196.4 1 0
github.com/schedcu/v2/internal/repository/postgres/assignment.go:197.3,197.48 1 0
github.com/schedcu/v2/internal/repository/postgres/assignment.go:200.2,200.34 1 0
github.com/schedcu/v2/internal/repository/postgres/assignment.go:200.34,202.3 1 0
github.com/schedcu/v2/internal/repository/postgres/assignment.go:204.2,204.25 1 0
github.com/schedcu/v2/internal/repository/postgres/assignment.go:208.133,219.16 3 0
github.com/schedcu/v2/internal/repository/postgres/assignment.go:219.16,221.3 1 0
github.com/schedcu/v2/internal/repository/postgres/assignment.go:222.2,225.18 3 0
github.com/schedcu/v2/internal/repository/postgres/assignment.go:225.18,227.58 2 0
github.com/schedcu/v2/internal/repository/postgres/assignment.go:227.58,229.4 1 0
github.com/schedcu/v2/internal/repository/postgres/assignment.go:230.3,230.48 1 0
github.com/schedcu/v2/internal/repository/postgres/assignment.go:233.2,233.34 1 0
github.com/schedcu/v2/internal/repository/postgres/assignment.go:233.34,235.3 1 0
github.com/schedcu/v2/internal/repository/postgres/assignment.go:237.2,237.25 1 0
github.com/schedcu/v2/internal/repository/postgres/assignment.go:241.97,257.16 3 0
github.com/schedcu/v2/internal/repository/postgres/assignment.go:257.16,259.3 1 0
github.com/schedcu/v2/internal/repository/postgres/assignment.go:261.2,262.16 2 0
github.com/schedcu/v2/internal/repository/postgres/assignment.go:262.16,264.3 1 0
github.com/schedcu/v2/internal/repository/postgres/assignment.go:266.2,266.23 1 0
github.com/schedcu/v2/internal/repository/postgres/assignment.go:266.23,271.3 1 0
github.com/schedcu/v2/internal/repository/postgres/assignment.go:273.2,273.12 1 0
github.com/schedcu/v2/internal/repository/postgres/assignment.go:277.101,285.16 3 1
github.com/schedcu/v2/internal/repository/postgres/assignment.go:285.16,287.3 1 0
github.com/schedcu/v2/internal/repository/postgres/assignment.go:289.2,290.16 2 1
github.com/schedcu/v2/internal/repository/postgres/assignment.go:290.16,292.3 1 0
github.com/schedcu/v2/internal/repository/postgres/assignment.go:294.2,294.23 1 1
github.com/schedcu/v2/internal/repository/postgres/assignment.go:294.23,299.3 1 0
github.com/schedcu/v2/internal/repository/postgres/assignment.go:301.2,301.12 1 1
github.com/schedcu/v2/internal/repository/postgres/assignment.go:305.74,314.16 4 0
github.com/schedcu/v2/internal/repository/postgres/assignment.go:314.16,316.3 1 0
github.com/schedcu/v2/internal/repository/postgres/assignment.go:318.2,318.19 1 0
github.com/schedcu/v2/internal/repository/postgres/assignment.go:322.130,323.32 1 1
github.com/schedcu/v2/internal/repository/postgres/assignment.go:323.32,325.3 1 0
github.com/schedcu/v2/internal/repository/postgres/assignment.go:327.2,336.16 3 1
github.com/schedcu/v2/internal/repository/postgres/assignment.go:336.16,338.3 1 0
github.com/schedcu/v2/internal/repository/postgres/assignment.go:339.2,342.18 3 1
github.com/schedcu/v2/internal/repository/postgres/assignment.go:342.18,344.58 2 1
github.com/schedcu/v2/internal/repository/postgres/assignment.go:344.58,346.4 1 0
github.com/schedcu/v2/internal/repository/postgres/assignment.go:347.3,347.48 1 1
github.com/schedcu/v2/internal/repository/postgres/assignment.go:350.2,350.34 1 1
github.com/schedcu/v2/internal/repository/postgres/assignment.go:350.34,352.3 1 0
github.com/schedcu/v2/internal/repository/postgres/assignment.go:354.2,354.25 1 1
github.com/schedcu/v2/internal/repository/postgres/audit_log.go:20.60,22.2 1 1
github.com/schedcu/v2/internal/repository/postgres/audit_log.go:25.86,26.24 1 1
github.com/schedcu/v2/internal/repository/postgres/audit_log.go:26.24,28.3 1 0
github.com/schedcu/v2/internal/repository/postgres/audit_log.go:30.2,47.16 3 1
github.com/schedcu/v2/internal/repository/postgres/audit_log.go:47.16,49.3 1 0
github.com/schedcu/v2/internal/repository/postgres/audit_log.go:51.2,51.12 1 1
github.com/schedcu/v2/internal/repository/postgres/audit_log.go:55.99,75.26 4 0
github.com/schedcu/v2/internal/repository/postgres/audit_log.go:75.26,80.3 1 0
github.com/schedcu/v2/internal/repository/postgres/audit_log.go:81.2,81.16 1 0
github.com/schedcu/v2/internal/repository/postgres/audit_log.go:81.16,83.3 1 0
github.com/schedcu/v2/internal/repository/postgres/audit_log.go:85.2,85.17 1 0
github.com/schedcu/v2/internal/repository/postgres/audit_log.go:89.107,98.16 3 1
github.com/schedcu/v2/internal/repository/postgres/audit_log.go:98.16,100.3 1 0
github.com/schedcu/v2/internal/repository/postgres/audit_log.go:101.2,104.18 3 1
github.com/schedcu/v2/internal/repository/postgres/audit_log.go:104.18,116.17 3 1
github.com/schedcu/v2/internal/repository/postgres/audit_log.go:116.17,118.4 1 0
github.com/schedcu/v2/internal/repository/postgres/audit_log.go:119.3,119.27 1 1
github.com/schedcu/v2/internal/repository/postgres/audit_log.go:122.2,122.25 1 1
github.com/schedcu/v2/internal/repository/postgres/audit_log.go:126.106,135.16 3 1
github.com/schedcu/v2/internal/repository/postgres/audit_log.go:135.16,137.3 1 0
github.com/schedcu/v2/internal/repository/postgres/audit_log.go:138.2,141.18 3 1
github.com/schedcu/v2/internal/repository/postgres/audit_log.go:141.18,153.17 3 1
github.com/schedcu/v2/internal/repository/postgres/audit_log.go:153.17,155.4 1 0
github.com/schedcu/v2/internal/repository/postgres/audit_log.go:156.3,156.27 1 1
github.com/schedcu/v2/internal/repository/postgres/audit_log.go:159.2,159.25 1 1
github.com/schedcu/v2/internal/repository/postgres/audit_log.go:163.101,172.16 3 1
github.com/schedcu/v2/internal/repository/postgres/audit_log.go:172.16,174.3 1 0
github.com/schedcu/v2/internal/repository/postgres/audit_log.go:175.2,178.18 3 1
github.com/schedcu/v2/internal/repository/postgres/audit_log.go:178.18,190.17 3 1
github.com/schedcu/v2/internal/repository/postgres/audit_log.go:190.17,192.4 1 0
github.com/schedcu/v2/internal/repository/postgres/audit_log.go:193.3,193.27 1 1
github.com/schedcu/v2/internal/repository/postgres/audit_log.go:196.2,196.25 1 1
github.com/schedcu/v2/internal/repository/postgres/audit_log.go:200.72,204.16 4 0
github.com/schedcu/v2/internal/repository/postgres/audit_log.go:204.16,206.3 1 0
github.com/schedcu/v2/internal/repository/postgres/audit_log.go:207.2,207.19 1 0
github.com/schedcu/v2/internal/repository/postgres/coverage_calculation.go:21.82,23.2 1 1
github.com/schedcu/v2/internal/repository/postgres/coverage_calculation.go:26.109,27.25 1 1
github.com/schedcu/v2/internal/repository/postgres/coverage_calculation.go:27.25,29.3 1 0
github.com/schedcu/v2/internal/repository/postgres/coverage_calculation.go:31.2,32.16 2 1
github.com/schedcu/v2/internal/repository/postgres/coverage_calculation.go:32.16,34.3 1 0
github.com/schedcu/v2/internal/repository/postgres/coverage_calculation.go:36.2,37.16 2 1
github.com/schedcu/v2/internal/repository/postgres/coverage_calculation.go:37.16,39.3 1 0
github.com/schedcu/v2/internal/repository/postgres/coverage_calculation.go:41.2,42.16 2 1
github.com/schedcu/v2/internal/repository/postgres/coverage_calculation.go:42.16,44.3 1 0
github.com/schedcu/v2/internal/repository/postgres/coverage_calculation.go:46.2,70.16 3 1
github.com/schedcu/v2/internal/repository/postgres/coverage_calculation.go:70.16,72.3 1 0
github.com/schedcu/v2/internal/repository/postgres/coverage_calculation.go:74.2,74.12 1 1
github.com/schedcu/v2/internal/repository/postgres/coverage_calculation.go:78.121,110.26 5 1
github.com/schedcu/v2/internal/repository/postgres/coverage_calculation.go:110.26,115.3 1 0
github.com/schedcu/v2/internal/repository/postgres/coverage_calculation.go:116.2,116.16 1 1
github.com/schedcu/v2/internal/repository/postgres/coverage_calculation.go:116.16,118.3 1 0
github.com/schedcu/v2/internal/repository/postgres/coverage_calculation.go:120.2,120.89 1 1
github.com/schedcu/v2/internal/repository/postgres/coverage_calculation.go:120.89,122.3 1 0
github.com/schedcu/v2/internal/repository/postgres/coverage_calculation.go:124.2,124.83 1 1
github.com/schedcu/v2/internal/repository/postgres/coverage_calculation.go:124.83,126.3 1 0
github.com/schedcu/v2/internal/repository/postgres/coverage_calculation.go:128.2,128.29 1 1
github.com/schedcu/v2/internal/repository/postgres/coverage_calculation.go:128.29,129.80 1 1
github.com/schedcu/v2/internal/repository/postgres/coverage_calculation.go:129.80,131.4 1 0
github.com/schedcu/v2/internal/repository/postgres/coverage_calculation.go:134.2,134.18 1 1
github.com/schedcu/v2/internal/repository/postgres/coverage_calculation.go:138.143,150.16 3 0
github.com/schedcu/v2/internal/repository/postgres/coverage_calculation.go:150.16,152.3 1 0
github.com/schedcu/v2/internal/repository/postgres/coverage_calculation.go:153.2,156.18 3 0
github.com/schedcu/v2/internal/repository/postgres/coverage_calculation.go:156.18,177.17 4 0
github.com/schedcu/v2/internal/repository/postgres/coverage_calculation.go:177.17,179.4 1 0
github.com/schedcu/v2/internal/repository/postgres/coverage_calculation.go:181.3,181.90 1 0
github.com/schedcu/v2/internal/repository/postgres/coverage_calculation.go:181.90,183.4 1 0
github.com/schedcu/v2/internal/repository/postgres/coverage_calculation.go:185.3,185.84 1 0
github.com/schedcu/v2/internal/repository/postgres/coverage_calculation.go:185.84,187.4 1 0
github.com/schedcu/v2/internal/repository/postgres/coverage_calculation.go:189.3,189.30 1 0
github.com/schedcu/v2/internal/repository/postgres/coverage_calculation.go:189.30,190.81 1 0
github.com/schedcu/v2/internal/repository/postgres/coverage_calculation.go:190.81,192.5 1 0
github.com/schedcu/v2/internal/repository/postgres/coverage_calculation.go:195.3,195.30 1 0
github.com/schedcu/v2/internal/repository/postgres/coverage_calculation.go:198.2,198.26 1 0
github.com/schedcu/v2/internal/repository/postgres/coverage_calculation.go:202.147,236.26 5 0
github.com/schedcu/v2/internal/repository/postgres/coverage_calculation.go:236.26,241.3 1 0
github.com/schedcu/v2/internal/repository/postgres/coverage_calculation.go:242.2,242.16 1 0
github.com/schedcu/v2/internal/repository/postgres/coverage_calculation.go:242.16,244.3 1 0
github.com/schedcu/v2/internal/repository/postgres/coverage_calculation.go:246.2,246.89 1 0
github.com/schedcu/v2/internal/repository/postgres/coverage_calculation.go:246.89,248.3 1 0
github.com/schedcu/v2/internal/repository/postgres/coverage_calculation.go:250.2,250.83 1 0
github.com/schedcu/v2/internal/repository/postgres/coverage_calculation.go:250.83,252.3 1 0
github.com/schedcu/v2/internal/repository/postgres/coverage_calculation.go:254.2,254.29 1 0
github.com/schedcu/v2/internal/repository/postgres/coverage_calculation.go:254.29,255.80 1 0
github.com/schedcu/v2/internal/repository/postgres/coverage_calculation.go:255.80,257.4 1 0
github.com/schedcu/v2/internal/repository/postgres/coverage_calculation.go:260.2,260.18 1 0
github.com/schedcu/v2/internal/repository/postgres/coverage_calculation.go:264.83,268.16 4 0
github.com/schedcu/v2/internal/repository/postgres/coverage_calculation.go:268.16,270.3 1 0
github.com/schedcu/v2/internal/repository/postgres/coverage_calculation.go:271.2,271.19 1 0
github.com/schedcu/v2/internal/repository/postgres/job_queue.go:21.60,23.2 1 0
github.com/schedcu/v2/internal/repository/postgres/job_queue.go:26.86,27.24 1 0
github.com/schedcu/v2/internal/repository/postgres/job_queue.go:27.24,29.3 1 0
github.com/schedcu/v2/internal/repository/postgres/job_queue.go:31.2,32.16 2 0
github.com/schedcu/v2/internal/repository/postgres/job_queue.go:32.16,34.3 1 0
github.com/schedcu/v2/internal/repository/postgres/job_queue.go:36.2,37.16 2 0
github.com/schedcu/v2/internal/repository/postgres/job_queue.go:37.16,39.3 1 0
github.com/schedcu/v2/internal/repository/postgres/job_queue.go:41.2,63.16 3 0
github.com/schedcu/v2/internal/repository/postgres/job_queue.go:63.16,65.3 1 0
github.com/schedcu/v2/internal/repository/postgres/job_queue.go:67.2,67.12 1 0
github.com/schedcu/v2/internal/repository/postgres/job_queue.go:71.99,101.26 5 0
github.com/schedcu/v2/internal/repository/postgres/job_queue.go:101.26,106.3 1 0
github.com/schedcu/v2/internal/repository/postgres/job_queue.go:107.2,107.16 1 0
github.com/schedcu/v2/internal/repository/postgres/job_queue.go:107.16,109.3 1 0
github.com/schedcu/v2/internal/repository/postgres/job_queue.go:111.2,111.26 1 0
github.com/schedcu/v2/internal/repository/postgres/job_queue.go:111.26,112.67 1 0
github.com/schedcu/v2/internal/repository/postgres/job_queue.go:112.67,114.4 1 0
github.com/schedcu/v2/internal/repository/postgres/job_queue.go:117.2,117.25 1 0
github.com/schedcu/v2/internal/repository/postgres/job_queue.go:117.25,118.65 1 0
github.com/schedcu/v2/internal/repository/postgres/job_queue.go:118.65,120.4 1 0
github.com/schedcu/v2/internal/repository/postgres/job_queue.go:123.2,123.17 1 0
github.com/schedcu/v2/internal/repository/postgres/job_queue.go:127.121,138.16 3 0
github.com/schedcu/v2/internal/repository/postgres/job_queue.go:138.16,140.3 1 0
github.com/schedcu/v2/internal/repository/postgres/job_queue.go:141.2,144.18 3 0
github.com/schedcu/v2/internal/repository/postgres/job_queue.go:144.18,164.17 4 0
github.com/schedcu/v2/internal/repository/postgres/job_queue.go:164.17,166.4 1 0
github.com/schedcu/v2/internal/repository/postgres/job_queue.go:168.3,168.27 1 0
github.com/schedcu/v2/internal/repository/postgres/job_queue.go:168.27,169.68 1 0
github.com/schedcu/v2/internal/repository/postgres/job_queue.go:169.68,171.5 1 0
github.com/schedcu/v2/internal/repository/postgres/job_queue.go:174.3,174.26 1 0
github.com/schedcu/v2/internal/repository/postgres/job_queue.go:174.26,175.66 1 0
github.com/schedcu/v2/internal/repository/postgres/job_queue.go:175.66,177.5 1 0
github.com/schedcu/v2/internal/repository/postgres/job_queue.go:180.3,180.27 1 0
github.com/schedcu/v2/internal/repository/postgres/job_queue.go:183.2,183.25 1 0
github.com/schedcu/v2/internal/repository/postgres/job_queue.go:187.105,198.16 3 0
github.com/schedcu/v2/internal/repository/postgres/job_queue.go:198.16,200.3 1 0
github.com/schedcu/v2/internal/repository/postgres/job_queue.go:201.2,204.18 3 0
github.com/schedcu/v2/internal/repository/postgres/job_queue.go:204.18,224.17 4 0
github.com/schedcu/v2/internal/repository/postgres/job_queue.go:224.17,226.4 1 0
github.com/schedcu/v2/internal/repository/postgres/job_queue.go:228.3,228.27 1 0
github.com/schedcu/v2/internal/repository/postgres/job_queue.go:228.27,229.68 1 0
github.com/schedcu/v2/internal/repository/postgres/job_queue.go:229.68,231.5 1 0
github.com/schedcu/v2/internal/repository/postgres/job_queue.go:234.3,234.26 1 0
github.com/schedcu/v2/internal/repository/postgres/job_queue.go:234.26,235.66 1 0
github.com/schedcu/v2/internal/repository/postgres/job_queue.go:235.66,237.5 1 0
github.com/schedcu/v2/internal/repository/postgres/job_queue.go:240.3,240.27 1 0
github.com/schedcu/v2/internal/repository/postgres/job_queue.go:243.2,243.25 1 0
github.com/schedcu/v2/internal/repository/postgres/job_queue.go:247.86,249.16 2 0
github.com/schedcu/v2/internal/repository/postgres/job_queue.go:249.16,251.3 1 0
github.com/schedcu/v2/internal/repository/postgres/job_queue.go:253.2,254.16 2 0
github.com/schedcu/v2/internal/repository/postgres/job_queue.go:254.16,256.3 1 0
github.com/schedcu/v2/internal/repository/postgres/job_queue.go:258.2,278.16 3 0
github.com/schedcu/v2/internal/repository/postgres/job_queue.go:278.16,280.3 1 0
github.com/schedcu/v2/internal/repository/postgres/job_queue.go:282.2,282.12 1 0
github.com/schedcu/v2/internal/repository/postgres/job_queue.go:286.72,290.16 4 0
github.com/schedcu/v2/internal/repository/postgres/job_queue.go:290.16,292.3 1 0
github.com/schedcu/v2/internal/repository/postgres/job_queue.go:293.2,293.19 1 0
github.com/schedcu/v2/internal/repository/postgres/person.go:21.56,23.2 1 1
github.com/schedcu/v2/internal/repository/postgres/person.go:26.85,27.27 1 1
github.com/schedcu/v2/internal/repository/postgres/person.go:27.27,29.3 1 1
github.com/schedcu/v2/internal/repository/postgres/person.go:31.2,47.16 3 1
github.com/schedcu/v2/internal/repository/postgres/person.go:47.16,49.3 1 0
github.com/schedcu/v2/internal/repository/postgres/person.go:51.2,51.12 1 1
github.com/schedcu/v2/internal/repository/postgres/person.go:55.95,76.26 4 1
github.com/schedcu/v2/internal/repository/postgres/person.go:76.26,81.3 1 1
github.com/schedcu/v2/internal/repository/postgres/person.go:82.2,82.16 1 1
github.com/schedcu/v2/internal/repository/postgres/person.go:82.16,84.3 1 0
github.com/schedcu/v2/internal/repository/postgres/person.go:86.2,86.20 1 1
github.com/schedcu/v2/internal/repository/postgres/person.go:90.98,111.26 4 1
github.com/schedcu/v2/internal/repository/postgres/person.go:111.26,116.3 1 0
github.com/schedcu/v2/internal/repository/postgres/person.go:117.2,117.16 1 1
github.com/schedcu/v2/internal/repository/postgres/person.go:117.16,119.3 1 0
github.com/schedcu/v2/internal/repository/postgres/person.go:121.2,121.20 1 1
github.com/schedcu/v2/internal/repository/postgres/person.go:125.111,129.2 1 0
github.com/schedcu/v2/internal/repository/postgres/person.go:132.85,149.16 3 1
github.com/schedcu/v2/internal/repository/postgres/person.go:149.16,151.3 1 0
github.com/schedcu/v2/internal/repository/postgres/person.go:153.2,154.16 2 1
github.com/schedcu/v2/internal/repository/postgres/person.go:154.16,156.3 1 0
github.com/schedcu/v2/internal/repository/postgres/person.go:158.2,158.23 1 1
github.com/schedcu/v2/internal/repository/postgres/person.go:158.23,163.3 1 0
github.com/schedcu/v2/internal/repository/postgres/person.go:165.2,165.12 1 1
github.com/schedcu/v2/internal/repository/postgres/person.go:169.97,177.16 3 1
github.com/schedcu/v2/internal/repository/postgres/person.go:177.16,179.3 1 0
github.com/schedcu/v2/internal/repository/postgres/person.go:181.2,182.16 2 1
github.com/schedcu/v2/internal/repository/postgres/person.go:182.16,184.3 1 0
github.com/schedcu/v2/internal/repository/postgres/person.go:186.2,186.23 1 1
github.com/schedcu/v2/internal/repository/postgres/person.go:186.23,191.3 1 0
github.com/schedcu/v2/internal/repository/postgres/person.go:193.2,193.12 1 1
github.com/schedcu/v2/internal/repository/postgres/person.go:197.70,206.16 4 1
github.com/schedcu/v2/internal/repository/postgres/person.go:206.16,208.3 1 0
github.com/schedcu/v2/internal/repository/postgres/person.go:210.2,210.19 1 1
github.com/schedcu/v2/internal/repository/postgres/postgres.go:18.42,20.16 2 0
github.com/schedcu/v2/internal/repository/postgres/postgres.go:20.16,22.3 1 0
github.com/schedcu/v2/internal/repository/postgres/postgres.go:25.2,28.47 3 0
github.com/schedcu/v2/internal/repository/postgres/postgres.go:28.47,30.3 1 0
github.com/schedcu/v2/internal/repository/postgres/postgres.go:32.2,32.24 1 0
github.com/schedcu/v2/internal/repository/postgres/postgres.go:36.29,38.2 1 0
github.com/schedcu/v2/internal/repository/postgres/postgres.go:41.49,43.2 1 0
github.com/schedcu/v2/internal/repository/postgres/schedule_version.go:21.74,23.2 1 0
github.com/schedcu/v2/internal/repository/postgres/schedule_version.go:26.104,27.28 1 0
github.com/schedcu/v2/internal/repository/postgres/schedule_version.go:27.28,29.3 1 0
github.com/schedcu/v2/internal/repository/postgres/schedule_version.go:31.2,32.16 2 0
github.com/schedcu/v2/internal/repository/postgres/schedule_version.go:32.16,34.3 1 0
github.com/schedcu/v2/internal/repository/postgres/schedule_version.go:36.2,56.16 3 0
github.com/schedcu/v2/internal/repository/postgres/schedule_version.go:56.16,58.3 1 0
github.com/schedcu/v2/internal/repository/postgres/schedule_version.go:60.2,60.12 1 0
github.com/schedcu/v2/internal/repository/postgres/schedule_version.go:64.113,92.26 5 0
github.com/schedcu/v2/internal/repository/postgres/schedule_version.go:92.26,97.3 1 0
github.com/schedcu/v2/internal/repository/postgres/schedule_version.go:98.2,98.16 1 0
github.com/schedcu/v2/internal/repository/postgres/schedule_version.go:98.16,100.3 1 0
github.com/schedcu/v2/internal/repository/postgres/schedule_version.go:103.2,103.29 1 0
github.com/schedcu/v2/internal/repository/postgres/schedule_version.go:103.29,104.84 1 0
github.com/schedcu/v2/internal/repository/postgres/schedule_version.go:104.84,106.4 1 0
github.com/schedcu/v2/internal/repository/postgres/schedule_version.go:109.2,109.21 1 0
github.com/schedcu/v2/internal/repository/postgres/schedule_version.go:113.167,123.16 3 0
github.com/schedcu/v2/internal/repository/postgres/schedule_version.go:123.16,125.3 1 0
github.com/schedcu/v2/internal/repository/postgres/schedule_version.go:126.2,129.18 3 0
github.com/schedcu/v2/internal/repository/postgres/schedule_version.go:129.18,148.17 4 0
github.com/schedcu/v2/internal/repository/postgres/schedule_version.go:148.17,150.4 1 0
github.com/schedcu/v2/internal/repository/postgres/schedule_version.go:152.3,152.30 1 0
github.com/schedcu/v2/internal/repository/postgres/schedule_version.go:152.30,153.85 1 0
github.com/schedcu/v2/internal/repository/postgres/schedule_version.go:153.85,155.5 1 0
github.com/schedcu/v2/internal/repository/postgres/schedule_version.go:158.3,158.39 1 0
github.com/schedcu/v2/internal/repository/postgres/schedule_version.go:161.2,161.34 1 0
github.com/schedcu/v2/internal/repository/postgres/schedule_version.go:161.34,163.3 1 0
github.com/schedcu/v2/internal/repository/postgres/schedule_version.go:165.2,165.22 1 0
github.com/schedcu/v2/internal/repository/postgres/schedule_version.go:169.148,202.26 5 0
github.com/schedcu/v2/internal/repository/postgres/schedule_version.go:202.26,207.3 1 0
github.com/schedcu/v2/internal/repository/postgres/schedule_version.go:208.2,208.16 1 0
github.com/schedcu/v2/internal/repository/postgres/schedule_version.go:208.16,210.3 1 0
github.com/schedcu/v2/internal/repository/postgres/schedule_version.go:212.2,212.29 1 0
github.com/schedcu/v2/internal/repository/postgres/schedule_version.go:212.29,213.84 1 0
github.com/schedcu/v2/internal/repository/postgres/schedule_version.go:213.84,215.4 1 0
github.com/schedcu/v2/internal/repository/postgres/schedule_version.go:218.2,218.21 1 0
github.com/schedcu/v2/internal/repository/postgres/schedule_version.go:222.104,224.16 2 0
github.com/schedcu/v2/internal/repository/postgres/schedule_version.go:224.16,226.3 1 0
github.com/schedcu/v2/internal/repository/postgres/schedule_version.go:228.2,247.16 3 0
github.com/schedcu/v2/internal/repository/postgres/schedule_version.go:247.16,249.3 1 0
github.com/schedcu/v2/internal/repository/postgres/schedule_version.go:251.2,252.16 2 0
github.com/schedcu/v2/internal/repository/postgres/schedule_version.go:252.16,254.3 1 0
github.com/schedcu/v2/internal/repository/postgres/schedule_version.go:256.2,256.23 1 0
github.com/schedcu/v2/internal/repository/postgres/schedule_version.go:256.23,261.3 1 0
github.com/schedcu/v2/internal/repository/postgres/schedule_version.go:263.2,263.12 1 0
github.com/schedcu/v2/internal/repository/postgres/schedule_version.go:267.106,275.16 3 0
github.com/schedcu/v2/internal/repository/postgres/schedule_version.go:275.16,277.3 1 0
github.com/schedcu/v2/internal/repository/postgres/schedule_version.go:279.2,280.16 2 0
github.com/schedcu/v2/internal/repository/postgres/schedule_version.go:280.16,282.3 1 0
github.com/schedcu/v2/internal/repository/postgres/schedule_version.go:284.2,284.23 1 0
github.com/schedcu/v2/internal/repository/postgres/schedule_version.go:284.23,289.3 1 0
github.com/schedcu/v2/internal/repository/postgres/schedule_version.go:291.2,291.12 1 0
github.com/schedcu/v2/internal/repository/postgres/schedule_version.go:295.130,305.16 3 0
github.com/schedcu/v2/internal/repository/postgres/schedule_version.go:305.16,307.3 1 0
github.com/schedcu/v2/internal/repository/postgres/schedule_version.go:308.2,311.18 3 0
github.com/schedcu/v2/internal/repository/postgres/schedule_version.go:311.18,330.17 4 0
github.com/schedcu/v2/internal/repository/postgres/schedule_version.go:330.17,332.4 1 0
github.com/schedcu/v2/internal/repository/postgres/schedule_version.go:334.3,334.30 1 0
github.com/schedcu/v2/internal/repository/postgres/schedule_version.go:334.30,335.85 1 0
github.com/schedcu/v2/internal/repository/postgres/schedule_version.go:335.85,337.5 1 0
github.com/schedcu/v2/internal/repository/postgres/schedule_version.go:340.3,340.39 1 0
github.com/schedcu/v2/internal/repository/postgres/schedule_version.go:343.2,343.34 1 0
github.com/schedcu/v2/internal/repository/postgres/schedule_version.go:343.34,345.3 1 0
github.com/schedcu/v2/internal/repository/postgres/schedule_version.go:347.2,347.22 1 0
github.com/schedcu/v2/internal/repository/postgres/schedule_version.go:351.79,360.16 4 0
github.com/schedcu/v2/internal/repository/postgres/schedule_version.go:360.16,362.3 1 0
github.com/schedcu/v2/internal/repository/postgres/schedule_version.go:364.2,364.19 1 0
github.com/schedcu/v2/internal/repository/postgres/scrape_batch.go:20.66,22.2 1 0
github.com/schedcu/v2/internal/repository/postgres/scrape_batch.go:25.94,26.26 1 0
github.com/schedcu/v2/internal/repository/postgres/scrape_batch.go:26.26,28.3 1 0
github.com/schedcu/v2/internal/repository/postgres/scrape_batch.go:30.2,50.16 3 0
github.com/schedcu/v2/internal/repository/postgres/scrape_batch.go:50.16,52.3 1 0
github.com/schedcu/v2/internal/repository/postgres/scrape_batch.go:54.2,54.12 1 0
github.com/schedcu/v2/internal/repository/postgres/scrape_batch.go:58.105,82.26 4 0
github.com/schedcu/v2/internal/repository/postgres/scrape_batch.go:82.26,87.3 1 0
github.com/schedcu/v2/internal/repository/postgres/scrape_batch.go:88.2,88.16 1 0
github.com/schedcu/v2/internal/repository/postgres/scrape_batch.go:88.16,90.3 1 0
github.com/schedcu/v2/internal/repository/postgres/scrape_batch.go:92.2,92.19 1 0
github.com/schedcu/v2/internal/repository/postgres/scrape_batch.go:96.121,106.16 3 0
github.com/schedcu/v2/internal/repository/postgres/scrape_batch.go:106.16,108.3 1 0
github.com/schedcu/v2/internal/repository/postgres/scrape_batch.go:109.2,112.18 3 0
github.com/schedcu/v2/internal/repository/postgres/scrape_batch.go:112.18,127.17 3 0
github.com/schedcu/v2/internal/repository/postgres/scrape_batch.go:127.17,129.4 1 0
github.com/schedcu/v2/internal/repository/postgres/scrape_batch.go:130.3,130.35 1 0
github.com/schedcu/v2/internal/repository/postgres/scrape_batch.go:133.2,133.28 1 0
github.com/schedcu/v2/internal/repository/postgres/scrape_batch.go:137.123,147.16 3 0
github.com/schedcu/v2/internal/repository/postgres/scrape_batch.go:147.16,149.3 1 0
github.com/schedcu/v2/internal/repository/postgres/scrape_batch.go:150.2,153.18 3 0
github.com/schedcu/v2/internal/repository/postgres/scrape_batch.go:153.18,168.17 3 0
github.com/schedcu/v2/internal/repository/postgres/scrape_batch.go:168.17,170.4 1 0
github.com/schedcu/v2/internal/repository/postgres/scrape_batch.go:171.3,171.35 1 0
github.com/schedcu/v2/internal/repository/postgres/scrape_batch.go:174.2,174.28 1 0
github.com/schedcu/v2/internal/repository/postgres/scrape_batch.go:178.94,193.16 3 0
github.com/schedcu/v2/internal/repository/postgres/scrape_batch.go:193.16,195.3 1 0
github.com/schedcu/v2/internal/repository/postgres/scrape_batch.go:197.2,198.16 2 0
github.com/schedcu/v2/internal/repository/postgres/scrape_batch.go:198.16,200.3 1 0
github.com/schedcu/v2/internal/repository/postgres/scrape_batch.go:201.2,201.15 1 0
github.com/schedcu/v2/internal/repository/postgres/scrape_batch.go:201.15,206.3 1 0
github.com/schedcu/v2/internal/repository/postgres/scrape_batch.go:208.2,208.12 1 0
github.com/schedcu/v2/internal/repository/postgres/scrape_batch.go:212.81,220.16 3 0
github.com/schedcu/v2/internal/repository/postgres/scrape_batch.go:220.16,222.3 1 0
github.com/schedcu/v2/internal/repository/postgres/scrape_batch.go:224.2,225.16 2 0
github.com/schedcu/v2/internal/repository/postgres/scrape_batch.go:225.16,227.3 1 0
github.com/schedcu/v2/internal/repository/postgres/scrape_batch.go:228.2,228.15 1 0
github.com/schedcu/v2/internal/repository/postgres/scrape_batch.go:228.15,233.3 1 0
github.com/schedcu/v2/internal/repository/postgres/scrape_batch.go:235.2,235.12 1 0
github.com/schedcu/v2/internal/repository/postgres/scrape_batch.go:239.75,244.16 4 0
github.com/schedcu/v2/internal/repository/postgres/scrape_batch.go:244.16,246.3 1 0
github.com/schedcu/v2/internal/repository/postgres/scrape_batch.go:248.2,248.19 1 0
github.com/schedcu/v2/internal/repository/postgres/shift_instance.go:21.70,23.2 1 1
github.com/schedcu/v2/internal/repository/postgres/shift_instance.go:26.108,48.16 6 1
github.com/schedcu/v2/internal/repository/postgres/shift_instance.go:48.16,49.22 1 1
github.com/schedcu/v2/internal/repository/postgres/shift_instance.go:49.22,51.4 1 1
github.com/schedcu/v2/internal/repository/postgres/shift_instance.go:52.3,52.20 1 1
github.com/schedcu/v2/internal/repository/postgres/shift_instance.go:52.20,54.4 1 1
github.com/schedcu/v2/internal/repository/postgres/shift_instance.go:55.3,55.22 1 1
github.com/schedcu/v2/internal/repository/postgres/shift_instance.go:55.22,57.4 1 1
github.com/schedcu/v2/internal/repository/postgres/shift_instance.go:58.3,58.32 1 1
github.com/schedcu/v2/internal/repository/postgres/shift_instance.go:58.32,60.4 1 1
github.com/schedcu/v2/internal/repository/postgres/shift_instance.go:63.2,63.12 1 1
github.com/schedcu/v2/internal/repository/postgres/shift_instance.go:67.98,68.26 1 1
github.com/schedcu/v2/internal/repository/postgres/shift_instance.go:68.26,70.3 1 1
github.com/schedcu/v2/internal/repository/postgres/shift_instance.go:72.2,96.16 3 1
github.com/schedcu/v2/internal/repository/postgres/shift_instance.go:96.16,98.3 1 0
github.com/schedcu/v2/internal/repository/postgres/shift_instance.go:100.2,100.12 1 1
github.com/schedcu/v2/internal/repository/postgres/shift_instance.go:104.109,117.26 4 1
github.com/schedcu/v2/internal/repository/postgres/shift_instance.go:117.26,122.3 1 0
github.com/schedcu/v2/internal/repository/postgres/shift_instance.go:123.2,123.16 1 1
github.com/schedcu/v2/internal/repository/postgres/shift_instance.go:123.16,125.3 1 0
github.com/schedcu/v2/internal/repository/postgres/shift_instance.go:127.2,127.19 1 1
github.com/schedcu/v2/internal/repository/postgres/shift_instance.go:131.131,142.16 3 1
github.com/schedcu/v2/internal/repository/postgres/shift_instance.go:142.16,144.3 1 0
github.com/schedcu/v2/internal/repository/postgres/shift_instance.go:145.2,148.18 3 1
github.com/schedcu/v2/internal/repository/postgres/shift_instance.go:148.18,150.56 2 1
github.com/schedcu/v2/internal/repository/postgres/shift_instance.go:150.56,152.4 1 0
github.com/schedcu/v2/internal/repository/postgres/shift_instance.go:153.3,153.33 1 1
github.com/schedcu/v2/internal/repository/postgres/shift_instance.go:156.2,156.27 1 1
github.com/schedcu/v2/internal/repository/postgres/shift_instance.go:160.157,171.16 3 0
github.com/schedcu/v2/internal/repository/postgres/shift_instance.go:171.16,173.3 1 0
github.com/schedcu/v2/internal/repository/postgres/shift_instance.go:174.2,177.18 3 0
github.com/schedcu/v2/internal/repository/postgres/shift_instance.go:177.18,179.56 2 0
github.com/schedcu/v2/internal/repository/postgres/shift_instance.go:179.56,181.4 1 0
github.com/schedcu/v2/internal/repository/postgres/shift_instance.go:182.3,182.33 1 0
github.com/schedcu/v2/internal/repository/postgres/shift_instance.go:185.2,185.27 1 0
github.com/schedcu/v2/internal/repository/postgres/shift_instance.go:189.128,190.24 1 0
github.com/schedcu/v2/internal/repository/postgres/shift_instance.go:190.24,192.3 1 0
github.com/schedcu/v2/internal/repository/postgres/shift_instance.go:194.2,204.16 3 0
github.com/schedcu/v2/internal/repository/postgres/shift_instance.go:204.16,206.3 1 0
github.com/schedcu/v2/internal/repository/postgres/shift_instance.go:207.2,210.18 3 0
github.com/schedcu/v2/internal/repository/postgres/shift_instance.go:210.18,212.56 2 0
github.com/schedcu/v2/internal/repository/postgres/shift_instance.go:212.56,214.4 1 0
github.com/schedcu/v2/internal/repository/postgres/shift_instance.go:215.3,215.33 1 0
github.com/schedcu/v2/internal/repository/postgres/shift_instance.go:218.2,218.27 1 0
github.com/schedcu/v2/internal/repository/postgres/shift_instance.go:222.77,226.16 4 1
github.com/schedcu/v2/internal/repository/postgres/shift_instance.go:226.16,228.3 1 0
github.com/schedcu/v2/internal/repository/postgres/shift_instance.go:229.2,229.19 1 1
github.com/schedcu/v2/internal/repository/postgres/shift_instance.go:233.115,237.16 4 1
github.com/schedcu/v2/internal/repository/postgres/shift_instance.go:237.16,239.3 1 0
github.com/schedcu/v2/internal/repository/postgres/shift_instance.go:240.2,240.19 1 1
github.com/schedcu/v2/internal/repository/postgres/user.go:20.52,22.2 1 0
github.com/schedcu/v2/internal/repository/postgres/user.go:25.79,26.25 1 0
github.com/schedcu/v2/internal/repository/postgres/user.go:26.25,28.3 1 0
github.com/schedcu/v2/internal/repository/postgres/user.go:30.2,50.16 3 0
github.com/schedcu/v2/internal/repository/postgres/user.go:50.16,52.3 1 0
github.com/schedcu/v2/internal/repository/postgres/user.go:54.2,54.12 1 0
github.com/schedcu/v2/internal/repository/postgres/user.go:58.91,82.26 4 0
github.com/schedcu/v2/internal/repository/postgres/user.go:82.26,87.3 1 0
github.com/schedcu/v2/internal/repository/postgres/user.go:88.2,88.16 1 0
github.com/schedcu/v2/internal/repository/postgres/user.go:88.16,90.3 1 0
github.com/schedcu/v2/internal/repository/postgres/user.go:92.2,92.18 1 0
github.com/schedcu/v2/internal/repository/postgres/user.go:96.94,120.26 4 0
github.com/schedcu/v2/internal/repository/postgres/user.go:120.26,125.3 1 0
github.com/schedcu/v2/internal/repository/postgres/user.go:126.2,126.16 1 0
github.com/schedcu/v2/internal/repository/postgres/user.go:126.16,128.3 1 0
github.com/schedcu/v2/internal/repository/postgres/user.go:130.2,130.18 1 0
github.com/schedcu/v2/internal/repository/postgres/user.go:134.103,144.16 3 0
github.com/schedcu/v2/internal/repository/postgres/user.go:144.16,146.3 1 0
github.com/schedcu/v2/internal/repository/postgres/user.go:147.2,150.18 3 0
github.com/schedcu/v2/internal/repository/postgres/user.go:150.18,165.17 3 0
github.com/schedcu/v2/internal/repository/postgres/user.go:165.17,167.4 1 0
github.com/schedcu/v2/internal/repository/postgres/user.go:168.3,168.30 1 0
github.com/schedcu/v2/internal/repository/postgres/user.go:171.2,171.26 1 0
github.com/schedcu/v2/internal/repository/postgres/user.go:175.107,185.16 3 0
github.com/schedcu/v2/internal/repository/postgres/user.go:185.16,187.3 1 0
github.com/schedcu/v2/internal/repository/postgres/user.go:188.2,191.18 3 0
github.com/schedcu/v2/internal/repository/postgres/user.go:191.18,206.17 3 0
github.com/schedcu/v2/internal/repository/postgres/user.go:206.17,208.4 1 0
github.com/schedcu/v2/internal/repository/postgres/user.go:209.3,209.30 1 0
github.com/schedcu/v2/internal/repository/postgres/user.go:212.2,212.26 1 0
github.com/schedcu/v2/internal/repository/postgres/user.go:216.79,237.16 3 0
github.com/schedcu/v2/internal/repository/postgres/user.go:237.16,239.3 1 0
github.com/schedcu/v2/internal/repository/postgres/user.go:241.2,241.12 1 0
github.com/schedcu/v2/internal/repository/postgres/user.go:245.78,253.16 3 0
github.com/schedcu/v2/internal/repository/postgres/user.go:253.16,255.3 1 0
github.com/schedcu/v2/internal/repository/postgres/user.go:257.2,257.12 1 0
github.com/schedcu/v2/internal/repository/postgres/user.go:261.68,265.16 4 0
github.com/schedcu/v2/internal/repository/postgres/user.go:265.16,267.3 1 0
github.com/schedcu/v2/internal/repository/postgres/user.go:268.2,268.19 1 0
